<?xml version="1.0" encoding="UTF-8"?>
<testsuite xmlns:xsi="http://www.w3.org/2001/XMLSchema-instance" xsi:noNamespaceSchemaLocation="https://maven.apache.org/surefire/maven-surefire-plugin/xsd/surefire-test-report-3.0.xsd" version="3.0" name="test.login.ConsulterListTest" time="28.36" tests="1" errors="0" skipped="0" failures="0">
  <properties>
    <property name="sun.desktop" value="windows"/>
    <property name="awt.toolkit" value="sun.awt.windows.WToolkit"/>
    <property name="java.specification.version" value="11"/>
    <property name="sun.cpu.isalist" value="amd64"/>
    <property name="sun.jnu.encoding" value="Cp1252"/>
    <property name="java.class.path" value="C:\dev\Maven\ProjetMaven\target\test-classes;C:\dev\Maven\ProjetMaven\target\classes;C:\Users\hassen\.m2\repository\org\seleniumhq\selenium\selenium-java\4.9.1\selenium-java-4.9.1.jar;C:\Users\hassen\.m2\repository\org\seleniumhq\selenium\selenium-api\4.9.1\selenium-api-4.9.1.jar;C:\Users\hassen\.m2\repository\org\seleniumhq\selenium\selenium-chrome-driver\4.9.1\selenium-chrome-driver-4.9.1.jar;C:\Users\hassen\.m2\repository\org\seleniumhq\selenium\selenium-devtools-v111\4.9.1\selenium-devtools-v111-4.9.1.jar;C:\Users\hassen\.m2\repository\org\seleniumhq\selenium\selenium-devtools-v112\4.9.1\selenium-devtools-v112-4.9.1.jar;C:\Users\hassen\.m2\repository\org\seleniumhq\selenium\selenium-devtools-v113\4.9.1\selenium-devtools-v113-4.9.1.jar;C:\Users\hassen\.m2\repository\org\seleniumhq\selenium\selenium-devtools-v85\4.9.1\selenium-devtools-v85-4.9.1.jar;C:\Users\hassen\.m2\repository\org\seleniumhq\selenium\selenium-edge-driver\4.9.1\selenium-edge-driver-4.9.1.jar;C:\Users\hassen\.m2\repository\org\seleniumhq\selenium\selenium-firefox-driver\4.9.1\selenium-firefox-driver-4.9.1.jar;C:\Users\hassen\.m2\repository\org\seleniumhq\selenium\selenium-ie-driver\4.9.1\selenium-ie-driver-4.9.1.jar;C:\Users\hassen\.m2\repository\org\seleniumhq\selenium\selenium-safari-driver\4.9.1\selenium-safari-driver-4.9.1.jar;C:\Users\hassen\.m2\repository\org\seleniumhq\selenium\selenium-support\4.9.1\selenium-support-4.9.1.jar;C:\Users\hassen\.m2\repository\io\github\bonigarcia\webdrivermanager\5.3.3\webdrivermanager-5.3.3.jar;C:\Users\hassen\.m2\repository\com\google\code\gson\gson\2.10.1\gson-2.10.1.jar;C:\Users\hassen\.m2\repository\com\github\docker-java\docker-java\3.3.0\docker-java-3.3.0.jar;C:\Users\hassen\.m2\repository\com\github\docker-java\docker-java-core\3.3.0\docker-java-core-3.3.0.jar;C:\Users\hassen\.m2\repository\com\github\docker-java\docker-java-api\3.3.0\docker-java-api-3.3.0.jar;C:\Users\hassen\.m2\repository\com\fasterxml\jackson\core\jackson-annotations\2.10.3\jackson-annotations-2.10.3.jar;C:\Users\hassen\.m2\repository\commons-io\commons-io\2.6\commons-io-2.6.jar;C:\Users\hassen\.m2\repository\org\apache\commons\commons-compress\1.21\commons-compress-1.21.jar;C:\Users\hassen\.m2\repository\com\fasterxml\jackson\core\jackson-databind\2.10.3\jackson-databind-2.10.3.jar;C:\Users\hassen\.m2\repository\com\fasterxml\jackson\core\jackson-core\2.10.3\jackson-core-2.10.3.jar;C:\Users\hassen\.m2\repository\org\bouncycastle\bcpkix-jdk15on\1.64\bcpkix-jdk15on-1.64.jar;C:\Users\hassen\.m2\repository\org\bouncycastle\bcprov-jdk15on\1.64\bcprov-jdk15on-1.64.jar;C:\Users\hassen\.m2\repository\org\slf4j\jcl-over-slf4j\1.7.30\jcl-over-slf4j-1.7.30.jar;C:\Users\hassen\.m2\repository\com\github\docker-java\docker-java-transport-httpclient5\3.3.0\docker-java-transport-httpclient5-3.3.0.jar;C:\Users\hassen\.m2\repository\com\github\docker-java\docker-java-transport\3.3.0\docker-java-transport-3.3.0.jar;C:\Users\hassen\.m2\repository\net\java\dev\jna\jna\5.12.1\jna-5.12.1.jar;C:\Users\hassen\.m2\repository\org\brotli\dec\0.1.2\dec-0.1.2.jar;C:\Users\hassen\.m2\repository\org\apache\commons\commons-lang3\3.12.0\commons-lang3-3.12.0.jar;C:\Users\hassen\.m2\repository\org\apache\httpcomponents\client5\httpclient5\5.2.1\httpclient5-5.2.1.jar;C:\Users\hassen\.m2\repository\org\apache\httpcomponents\core5\httpcore5\5.2\httpcore5-5.2.jar;C:\Users\hassen\.m2\repository\org\apache\httpcomponents\core5\httpcore5-h2\5.2\httpcore5-h2-5.2.jar;C:\Users\hassen\.m2\repository\org\seleniumhq\selenium\selenium-chromium-driver\4.9.1\selenium-chromium-driver-4.9.1.jar;C:\Users\hassen\.m2\repository\com\google\auto\service\auto-service-annotations\1.0.1\auto-service-annotations-1.0.1.jar;C:\Users\hassen\.m2\repository\com\google\auto\service\auto-service\1.0.1\auto-service-1.0.1.jar;C:\Users\hassen\.m2\repository\com\google\auto\auto-common\1.2\auto-common-1.2.jar;C:\Users\hassen\.m2\repository\com\google\guava\guava\31.1-jre\guava-31.1-jre.jar;C:\Users\hassen\.m2\repository\com\google\guava\failureaccess\1.0.1\failureaccess-1.0.1.jar;C:\Users\hassen\.m2\repository\com\google\guava\listenablefuture\9999.0-empty-to-avoid-conflict-with-guava\listenablefuture-9999.0-empty-to-avoid-conflict-with-guava.jar;C:\Users\hassen\.m2\repository\com\google\code\findbugs\jsr305\3.0.2\jsr305-3.0.2.jar;C:\Users\hassen\.m2\repository\org\checkerframework\checker-qual\3.12.0\checker-qual-3.12.0.jar;C:\Users\hassen\.m2\repository\com\google\errorprone\error_prone_annotations\2.11.0\error_prone_annotations-2.11.0.jar;C:\Users\hassen\.m2\repository\com\google\j2objc\j2objc-annotations\1.3\j2objc-annotations-1.3.jar;C:\Users\hassen\.m2\repository\org\seleniumhq\selenium\selenium-json\4.9.1\selenium-json-4.9.1.jar;C:\Users\hassen\.m2\repository\org\seleniumhq\selenium\selenium-manager\4.9.1\selenium-manager-4.9.1.jar;C:\Users\hassen\.m2\repository\org\seleniumhq\selenium\selenium-remote-driver\4.9.1\selenium-remote-driver-4.9.1.jar;C:\Users\hassen\.m2\repository\com\beust\jcommander\1.82\jcommander-1.82.jar;C:\Users\hassen\.m2\repository\io\netty\netty-buffer\4.1.91.Final\netty-buffer-4.1.91.Final.jar;C:\Users\hassen\.m2\repository\io\netty\netty-codec-http\4.1.91.Final\netty-codec-http-4.1.91.Final.jar;C:\Users\hassen\.m2\repository\io\netty\netty-codec\4.1.91.Final\netty-codec-4.1.91.Final.jar;C:\Users\hassen\.m2\repository\io\netty\netty-handler\4.1.91.Final\netty-handler-4.1.91.Final.jar;C:\Users\hassen\.m2\repository\io\netty\netty-common\4.1.91.Final\netty-common-4.1.91.Final.jar;C:\Users\hassen\.m2\repository\io\netty\netty-transport-classes-epoll\4.1.91.Final\netty-transport-classes-epoll-4.1.91.Final.jar;C:\Users\hassen\.m2\repository\io\netty\netty-transport-classes-kqueue\4.1.91.Final\netty-transport-classes-kqueue-4.1.91.Final.jar;C:\Users\hassen\.m2\repository\io\netty\netty-transport-native-epoll\4.1.91.Final\netty-transport-native-epoll-4.1.91.Final.jar;C:\Users\hassen\.m2\repository\io\netty\netty-transport-native-kqueue\4.1.91.Final\netty-transport-native-kqueue-4.1.91.Final.jar;C:\Users\hassen\.m2\repository\io\netty\netty-transport-native-unix-common\4.1.91.Final\netty-transport-native-unix-common-4.1.91.Final.jar;C:\Users\hassen\.m2\repository\io\netty\netty-transport\4.1.91.Final\netty-transport-4.1.91.Final.jar;C:\Users\hassen\.m2\repository\io\netty\netty-resolver\4.1.91.Final\netty-resolver-4.1.91.Final.jar;C:\Users\hassen\.m2\repository\io\opentelemetry\opentelemetry-api\1.25.0\opentelemetry-api-1.25.0.jar;C:\Users\hassen\.m2\repository\io\opentelemetry\opentelemetry-context\1.25.0\opentelemetry-context-1.25.0.jar;C:\Users\hassen\.m2\repository\io\opentelemetry\opentelemetry-exporter-logging\1.25.0\opentelemetry-exporter-logging-1.25.0.jar;C:\Users\hassen\.m2\repository\io\opentelemetry\opentelemetry-sdk-metrics\1.25.0\opentelemetry-sdk-metrics-1.25.0.jar;C:\Users\hassen\.m2\repository\io\opentelemetry\opentelemetry-sdk-logs\1.25.0-alpha\opentelemetry-sdk-logs-1.25.0-alpha.jar;C:\Users\hassen\.m2\repository\io\opentelemetry\opentelemetry-api-logs\1.25.0-alpha\opentelemetry-api-logs-1.25.0-alpha.jar;C:\Users\hassen\.m2\repository\io\opentelemetry\opentelemetry-api-events\1.25.0-alpha\opentelemetry-api-events-1.25.0-alpha.jar;C:\Users\hassen\.m2\repository\io\opentelemetry\opentelemetry-sdk-common\1.25.0\opentelemetry-sdk-common-1.25.0.jar;C:\Users\hassen\.m2\repository\io\opentelemetry\opentelemetry-sdk-extension-autoconfigure-spi\1.25.0\opentelemetry-sdk-extension-autoconfigure-spi-1.25.0.jar;C:\Users\hassen\.m2\repository\io\opentelemetry\opentelemetry-sdk-extension-autoconfigure\1.25.0-alpha\opentelemetry-sdk-extension-autoconfigure-1.25.0-alpha.jar;C:\Users\hassen\.m2\repository\io\opentelemetry\opentelemetry-sdk-trace\1.25.0\opentelemetry-sdk-trace-1.25.0.jar;C:\Users\hassen\.m2\repository\io\opentelemetry\opentelemetry-sdk\1.25.0\opentelemetry-sdk-1.25.0.jar;C:\Users\hassen\.m2\repository\io\opentelemetry\opentelemetry-semconv\1.25.0-alpha\opentelemetry-semconv-1.25.0-alpha.jar;C:\Users\hassen\.m2\repository\io\ous\jtoml\2.0.0\jtoml-2.0.0.jar;C:\Users\hassen\.m2\repository\net\bytebuddy\byte-buddy\1.14.4\byte-buddy-1.14.4.jar;C:\Users\hassen\.m2\repository\org\apache\commons\commons-exec\1.3\commons-exec-1.3.jar;C:\Users\hassen\.m2\repository\org\asynchttpclient\async-http-client\2.12.3\async-http-client-2.12.3.jar;C:\Users\hassen\.m2\repository\org\asynchttpclient\async-http-client-netty-utils\2.12.3\async-http-client-netty-utils-2.12.3.jar;C:\Users\hassen\.m2\repository\io\netty\netty-codec-socks\4.1.60.Final\netty-codec-socks-4.1.60.Final.jar;C:\Users\hassen\.m2\repository\io\netty\netty-handler-proxy\4.1.60.Final\netty-handler-proxy-4.1.60.Final.jar;C:\Users\hassen\.m2\repository\io\netty\netty-transport-native-epoll\4.1.60.Final\netty-transport-native-epoll-4.1.60.Final-linux-x86_64.jar;C:\Users\hassen\.m2\repository\io\netty\netty-transport-native-kqueue\4.1.60.Final\netty-transport-native-kqueue-4.1.60.Final-osx-x86_64.jar;C:\Users\hassen\.m2\repository\org\reactivestreams\reactive-streams\1.0.3\reactive-streams-1.0.3.jar;C:\Users\hassen\.m2\repository\com\typesafe\netty\netty-reactive-streams\2.0.4\netty-reactive-streams-2.0.4.jar;C:\Users\hassen\.m2\repository\com\sun\activation\jakarta.activation\1.2.2\jakarta.activation-1.2.2.jar;C:\Users\hassen\.m2\repository\org\seleniumhq\selenium\selenium-http\4.9.1\selenium-http-4.9.1.jar;C:\Users\hassen\.m2\repository\dev\failsafe\failsafe\3.3.1\failsafe-3.3.1.jar;C:\Users\hassen\.m2\repository\org\junit\jupiter\junit-jupiter\5.9.3\junit-jupiter-5.9.3.jar;C:\Users\hassen\.m2\repository\org\junit\jupiter\junit-jupiter-params\5.9.3\junit-jupiter-params-5.9.3.jar;C:\Users\hassen\.m2\repository\org\junit\jupiter\junit-jupiter-api\5.9.3\junit-jupiter-api-5.9.3.jar;C:\Users\hassen\.m2\repository\org\opentest4j\opentest4j\1.2.0\opentest4j-1.2.0.jar;C:\Users\hassen\.m2\repository\org\junit\platform\junit-platform-commons\1.9.3\junit-platform-commons-1.9.3.jar;C:\Users\hassen\.m2\repository\org\apiguardian\apiguardian-api\1.1.2\apiguardian-api-1.1.2.jar;C:\Users\hassen\.m2\repository\org\junit\jupiter\junit-jupiter-engine\5.9.3\junit-jupiter-engine-5.9.3.jar;C:\Users\hassen\.m2\repository\org\junit\platform\junit-platform-engine\1.9.3\junit-platform-engine-1.9.3.jar;C:\Users\hassen\.m2\repository\org\slf4j\slf4j-api\2.0.5\slf4j-api-2.0.5.jar;C:\Users\hassen\.m2\repository\ch\qos\logback\logback-classic\1.4.6\logback-classic-1.4.6.jar;C:\Users\hassen\.m2\repository\ch\qos\logback\logback-core\1.4.6\logback-core-1.4.6.jar;"/>
    <property name="java.vm.vendor" value="Oracle Corporation"/>
    <property name="sun.arch.data.model" value="64"/>
    <property name="user.variant" value=""/>
    <property name="java.vendor.url" value="http://java.oracle.com/"/>
    <property name="user.timezone" value="GMT+01:00"/>
    <property name="java.vm.specification.version" value="11"/>
    <property name="os.name" value="Windows 10"/>
    <property name="sun.java.launcher" value="SUN_STANDARD"/>
    <property name="user.country" value="GB"/>
    <property name="sun.boot.library.path" value="c:\OpenJDK-11\bin"/>
    <property name="sun.java.command" value="C:\Users\hassen\AppData\Local\Temp\surefire7222655857363209244\surefirebooter7017260062554172633.jar C:\Users\hassen\AppData\Local\Temp\surefire7222655857363209244 2023-06-04T02-05-11_071-jvmRun1 surefire14748996883910513160tmp surefire_015582276697957969535tmp"/>
    <property name="jdk.debug" value="release"/>
    <property name="surefire.test.class.path" value="C:\dev\Maven\ProjetMaven\target\test-classes;C:\dev\Maven\ProjetMaven\target\classes;C:\Users\hassen\.m2\repository\org\seleniumhq\selenium\selenium-java\4.9.1\selenium-java-4.9.1.jar;C:\Users\hassen\.m2\repository\org\seleniumhq\selenium\selenium-api\4.9.1\selenium-api-4.9.1.jar;C:\Users\hassen\.m2\repository\org\seleniumhq\selenium\selenium-chrome-driver\4.9.1\selenium-chrome-driver-4.9.1.jar;C:\Users\hassen\.m2\repository\org\seleniumhq\selenium\selenium-devtools-v111\4.9.1\selenium-devtools-v111-4.9.1.jar;C:\Users\hassen\.m2\repository\org\seleniumhq\selenium\selenium-devtools-v112\4.9.1\selenium-devtools-v112-4.9.1.jar;C:\Users\hassen\.m2\repository\org\seleniumhq\selenium\selenium-devtools-v113\4.9.1\selenium-devtools-v113-4.9.1.jar;C:\Users\hassen\.m2\repository\org\seleniumhq\selenium\selenium-devtools-v85\4.9.1\selenium-devtools-v85-4.9.1.jar;C:\Users\hassen\.m2\repository\org\seleniumhq\selenium\selenium-edge-driver\4.9.1\selenium-edge-driver-4.9.1.jar;C:\Users\hassen\.m2\repository\org\seleniumhq\selenium\selenium-firefox-driver\4.9.1\selenium-firefox-driver-4.9.1.jar;C:\Users\hassen\.m2\repository\org\seleniumhq\selenium\selenium-ie-driver\4.9.1\selenium-ie-driver-4.9.1.jar;C:\Users\hassen\.m2\repository\org\seleniumhq\selenium\selenium-safari-driver\4.9.1\selenium-safari-driver-4.9.1.jar;C:\Users\hassen\.m2\repository\org\seleniumhq\selenium\selenium-support\4.9.1\selenium-support-4.9.1.jar;C:\Users\hassen\.m2\repository\io\github\bonigarcia\webdrivermanager\5.3.3\webdrivermanager-5.3.3.jar;C:\Users\hassen\.m2\repository\com\google\code\gson\gson\2.10.1\gson-2.10.1.jar;C:\Users\hassen\.m2\repository\com\github\docker-java\docker-java\3.3.0\docker-java-3.3.0.jar;C:\Users\hassen\.m2\repository\com\github\docker-java\docker-java-core\3.3.0\docker-java-core-3.3.0.jar;C:\Users\hassen\.m2\repository\com\github\docker-java\docker-java-api\3.3.0\docker-java-api-3.3.0.jar;C:\Users\hassen\.m2\repository\com\fasterxml\jackson\core\jackson-annotations\2.10.3\jackson-annotations-2.10.3.jar;C:\Users\hassen\.m2\repository\commons-io\commons-io\2.6\commons-io-2.6.jar;C:\Users\hassen\.m2\repository\org\apache\commons\commons-compress\1.21\commons-compress-1.21.jar;C:\Users\hassen\.m2\repository\com\fasterxml\jackson\core\jackson-databind\2.10.3\jackson-databind-2.10.3.jar;C:\Users\hassen\.m2\repository\com\fasterxml\jackson\core\jackson-core\2.10.3\jackson-core-2.10.3.jar;C:\Users\hassen\.m2\repository\org\bouncycastle\bcpkix-jdk15on\1.64\bcpkix-jdk15on-1.64.jar;C:\Users\hassen\.m2\repository\org\bouncycastle\bcprov-jdk15on\1.64\bcprov-jdk15on-1.64.jar;C:\Users\hassen\.m2\repository\org\slf4j\jcl-over-slf4j\1.7.30\jcl-over-slf4j-1.7.30.jar;C:\Users\hassen\.m2\repository\com\github\docker-java\docker-java-transport-httpclient5\3.3.0\docker-java-transport-httpclient5-3.3.0.jar;C:\Users\hassen\.m2\repository\com\github\docker-java\docker-java-transport\3.3.0\docker-java-transport-3.3.0.jar;C:\Users\hassen\.m2\repository\net\java\dev\jna\jna\5.12.1\jna-5.12.1.jar;C:\Users\hassen\.m2\repository\org\brotli\dec\0.1.2\dec-0.1.2.jar;C:\Users\hassen\.m2\repository\org\apache\commons\commons-lang3\3.12.0\commons-lang3-3.12.0.jar;C:\Users\hassen\.m2\repository\org\apache\httpcomponents\client5\httpclient5\5.2.1\httpclient5-5.2.1.jar;C:\Users\hassen\.m2\repository\org\apache\httpcomponents\core5\httpcore5\5.2\httpcore5-5.2.jar;C:\Users\hassen\.m2\repository\org\apache\httpcomponents\core5\httpcore5-h2\5.2\httpcore5-h2-5.2.jar;C:\Users\hassen\.m2\repository\org\seleniumhq\selenium\selenium-chromium-driver\4.9.1\selenium-chromium-driver-4.9.1.jar;C:\Users\hassen\.m2\repository\com\google\auto\service\auto-service-annotations\1.0.1\auto-service-annotations-1.0.1.jar;C:\Users\hassen\.m2\repository\com\google\auto\service\auto-service\1.0.1\auto-service-1.0.1.jar;C:\Users\hassen\.m2\repository\com\google\auto\auto-common\1.2\auto-common-1.2.jar;C:\Users\hassen\.m2\repository\com\google\guava\guava\31.1-jre\guava-31.1-jre.jar;C:\Users\hassen\.m2\repository\com\google\guava\failureaccess\1.0.1\failureaccess-1.0.1.jar;C:\Users\hassen\.m2\repository\com\google\guava\listenablefuture\9999.0-empty-to-avoid-conflict-with-guava\listenablefuture-9999.0-empty-to-avoid-conflict-with-guava.jar;C:\Users\hassen\.m2\repository\com\google\code\findbugs\jsr305\3.0.2\jsr305-3.0.2.jar;C:\Users\hassen\.m2\repository\org\checkerframework\checker-qual\3.12.0\checker-qual-3.12.0.jar;C:\Users\hassen\.m2\repository\com\google\errorprone\error_prone_annotations\2.11.0\error_prone_annotations-2.11.0.jar;C:\Users\hassen\.m2\repository\com\google\j2objc\j2objc-annotations\1.3\j2objc-annotations-1.3.jar;C:\Users\hassen\.m2\repository\org\seleniumhq\selenium\selenium-json\4.9.1\selenium-json-4.9.1.jar;C:\Users\hassen\.m2\repository\org\seleniumhq\selenium\selenium-manager\4.9.1\selenium-manager-4.9.1.jar;C:\Users\hassen\.m2\repository\org\seleniumhq\selenium\selenium-remote-driver\4.9.1\selenium-remote-driver-4.9.1.jar;C:\Users\hassen\.m2\repository\com\beust\jcommander\1.82\jcommander-1.82.jar;C:\Users\hassen\.m2\repository\io\netty\netty-buffer\4.1.91.Final\netty-buffer-4.1.91.Final.jar;C:\Users\hassen\.m2\repository\io\netty\netty-codec-http\4.1.91.Final\netty-codec-http-4.1.91.Final.jar;C:\Users\hassen\.m2\repository\io\netty\netty-codec\4.1.91.Final\netty-codec-4.1.91.Final.jar;C:\Users\hassen\.m2\repository\io\netty\netty-handler\4.1.91.Final\netty-handler-4.1.91.Final.jar;C:\Users\hassen\.m2\repository\io\netty\netty-common\4.1.91.Final\netty-common-4.1.91.Final.jar;C:\Users\hassen\.m2\repository\io\netty\netty-transport-classes-epoll\4.1.91.Final\netty-transport-classes-epoll-4.1.91.Final.jar;C:\Users\hassen\.m2\repository\io\netty\netty-transport-classes-kqueue\4.1.91.Final\netty-transport-classes-kqueue-4.1.91.Final.jar;C:\Users\hassen\.m2\repository\io\netty\netty-transport-native-epoll\4.1.91.Final\netty-transport-native-epoll-4.1.91.Final.jar;C:\Users\hassen\.m2\repository\io\netty\netty-transport-native-kqueue\4.1.91.Final\netty-transport-native-kqueue-4.1.91.Final.jar;C:\Users\hassen\.m2\repository\io\netty\netty-transport-native-unix-common\4.1.91.Final\netty-transport-native-unix-common-4.1.91.Final.jar;C:\Users\hassen\.m2\repository\io\netty\netty-transport\4.1.91.Final\netty-transport-4.1.91.Final.jar;C:\Users\hassen\.m2\repository\io\netty\netty-resolver\4.1.91.Final\netty-resolver-4.1.91.Final.jar;C:\Users\hassen\.m2\repository\io\opentelemetry\opentelemetry-api\1.25.0\opentelemetry-api-1.25.0.jar;C:\Users\hassen\.m2\repository\io\opentelemetry\opentelemetry-context\1.25.0\opentelemetry-context-1.25.0.jar;C:\Users\hassen\.m2\repository\io\opentelemetry\opentelemetry-exporter-logging\1.25.0\opentelemetry-exporter-logging-1.25.0.jar;C:\Users\hassen\.m2\repository\io\opentelemetry\opentelemetry-sdk-metrics\1.25.0\opentelemetry-sdk-metrics-1.25.0.jar;C:\Users\hassen\.m2\repository\io\opentelemetry\opentelemetry-sdk-logs\1.25.0-alpha\opentelemetry-sdk-logs-1.25.0-alpha.jar;C:\Users\hassen\.m2\repository\io\opentelemetry\opentelemetry-api-logs\1.25.0-alpha\opentelemetry-api-logs-1.25.0-alpha.jar;C:\Users\hassen\.m2\repository\io\opentelemetry\opentelemetry-api-events\1.25.0-alpha\opentelemetry-api-events-1.25.0-alpha.jar;C:\Users\hassen\.m2\repository\io\opentelemetry\opentelemetry-sdk-common\1.25.0\opentelemetry-sdk-common-1.25.0.jar;C:\Users\hassen\.m2\repository\io\opentelemetry\opentelemetry-sdk-extension-autoconfigure-spi\1.25.0\opentelemetry-sdk-extension-autoconfigure-spi-1.25.0.jar;C:\Users\hassen\.m2\repository\io\opentelemetry\opentelemetry-sdk-extension-autoconfigure\1.25.0-alpha\opentelemetry-sdk-extension-autoconfigure-1.25.0-alpha.jar;C:\Users\hassen\.m2\repository\io\opentelemetry\opentelemetry-sdk-trace\1.25.0\opentelemetry-sdk-trace-1.25.0.jar;C:\Users\hassen\.m2\repository\io\opentelemetry\opentelemetry-sdk\1.25.0\opentelemetry-sdk-1.25.0.jar;C:\Users\hassen\.m2\repository\io\opentelemetry\opentelemetry-semconv\1.25.0-alpha\opentelemetry-semconv-1.25.0-alpha.jar;C:\Users\hassen\.m2\repository\io\ous\jtoml\2.0.0\jtoml-2.0.0.jar;C:\Users\hassen\.m2\repository\net\bytebuddy\byte-buddy\1.14.4\byte-buddy-1.14.4.jar;C:\Users\hassen\.m2\repository\org\apache\commons\commons-exec\1.3\commons-exec-1.3.jar;C:\Users\hassen\.m2\repository\org\asynchttpclient\async-http-client\2.12.3\async-http-client-2.12.3.jar;C:\Users\hassen\.m2\repository\org\asynchttpclient\async-http-client-netty-utils\2.12.3\async-http-client-netty-utils-2.12.3.jar;C:\Users\hassen\.m2\repository\io\netty\netty-codec-socks\4.1.60.Final\netty-codec-socks-4.1.60.Final.jar;C:\Users\hassen\.m2\repository\io\netty\netty-handler-proxy\4.1.60.Final\netty-handler-proxy-4.1.60.Final.jar;C:\Users\hassen\.m2\repository\io\netty\netty-transport-native-epoll\4.1.60.Final\netty-transport-native-epoll-4.1.60.Final-linux-x86_64.jar;C:\Users\hassen\.m2\repository\io\netty\netty-transport-native-kqueue\4.1.60.Final\netty-transport-native-kqueue-4.1.60.Final-osx-x86_64.jar;C:\Users\hassen\.m2\repository\org\reactivestreams\reactive-streams\1.0.3\reactive-streams-1.0.3.jar;C:\Users\hassen\.m2\repository\com\typesafe\netty\netty-reactive-streams\2.0.4\netty-reactive-streams-2.0.4.jar;C:\Users\hassen\.m2\repository\com\sun\activation\jakarta.activation\1.2.2\jakarta.activation-1.2.2.jar;C:\Users\hassen\.m2\repository\org\seleniumhq\selenium\selenium-http\4.9.1\selenium-http-4.9.1.jar;C:\Users\hassen\.m2\repository\dev\failsafe\failsafe\3.3.1\failsafe-3.3.1.jar;C:\Users\hassen\.m2\repository\org\junit\jupiter\junit-jupiter\5.9.3\junit-jupiter-5.9.3.jar;C:\Users\hassen\.m2\repository\org\junit\jupiter\junit-jupiter-params\5.9.3\junit-jupiter-params-5.9.3.jar;C:\Users\hassen\.m2\repository\org\junit\jupiter\junit-jupiter-api\5.9.3\junit-jupiter-api-5.9.3.jar;C:\Users\hassen\.m2\repository\org\opentest4j\opentest4j\1.2.0\opentest4j-1.2.0.jar;C:\Users\hassen\.m2\repository\org\junit\platform\junit-platform-commons\1.9.3\junit-platform-commons-1.9.3.jar;C:\Users\hassen\.m2\repository\org\apiguardian\apiguardian-api\1.1.2\apiguardian-api-1.1.2.jar;C:\Users\hassen\.m2\repository\org\junit\jupiter\junit-jupiter-engine\5.9.3\junit-jupiter-engine-5.9.3.jar;C:\Users\hassen\.m2\repository\org\junit\platform\junit-platform-engine\1.9.3\junit-platform-engine-1.9.3.jar;C:\Users\hassen\.m2\repository\org\slf4j\slf4j-api\2.0.5\slf4j-api-2.0.5.jar;C:\Users\hassen\.m2\repository\ch\qos\logback\logback-classic\1.4.6\logback-classic-1.4.6.jar;C:\Users\hassen\.m2\repository\ch\qos\logback\logback-core\1.4.6\logback-core-1.4.6.jar;"/>
    <property name="sun.cpu.endian" value="little"/>
    <property name="user.home" value="C:\Users\hassen"/>
    <property name="user.language" value="en"/>
    <property name="java.specification.vendor" value="Oracle Corporation"/>
    <property name="java.version.date" value="2018-09-25"/>
    <property name="java.home" value="c:\OpenJDK-11"/>
    <property name="file.separator" value="\"/>
    <property name="basedir" value="C:\dev\Maven\ProjetMaven"/>
    <property name="java.vm.compressedOopsMode" value="Zero based"/>
    <property name="line.separator" value="&#10;"/>
    <property name="java.specification.name" value="Java Platform API Specification"/>
    <property name="java.vm.specification.vendor" value="Oracle Corporation"/>
    <property name="java.awt.graphicsenv" value="sun.awt.Win32GraphicsEnvironment"/>
    <property name="surefire.real.class.path" value="C:\Users\hassen\AppData\Local\Temp\surefire7222655857363209244\surefirebooter7017260062554172633.jar"/>
    <property name="user.script" value=""/>
    <property name="sun.management.compiler" value="HotSpot 64-Bit Tiered Compilers"/>
    <property name="java.runtime.version" value="11+28"/>
    <property name="user.name" value="hassen"/>
    <property name="path.separator" value=";"/>
    <property name="os.version" value="10.0"/>
    <property name="java.runtime.name" value="OpenJDK Runtime Environment"/>
    <property name="file.encoding" value="Cp1252"/>
    <property name="java.vm.name" value="OpenJDK 64-Bit Server VM"/>
    <property name="java.vendor.version" value="18.9"/>
    <property name="localRepository" value="C:\Users\hassen\.m2\repository"/>
    <property name="java.vendor.url.bug" value="http://bugreport.java.com/bugreport/"/>
    <property name="java.io.tmpdir" value="C:\Users\hassen\AppData\Local\Temp\"/>
    <property name="java.version" value="11"/>
    <property name="user.dir" value="C:\dev\Maven\ProjetMaven"/>
    <property name="os.arch" value="amd64"/>
    <property name="java.vm.specification.name" value="Java Virtual Machine Specification"/>
    <property name="java.awt.printerjob" value="sun.awt.windows.WPrinterJob"/>
    <property name="sun.os.patch.level" value=""/>
    <property name="java.library.path" value="c:\OpenJDK-11\bin;C:\WINDOWS\Sun\Java\bin;C:\WINDOWS\system32;C:\WINDOWS;C:\Python27\;C:\Program Files\Common Files\Oracle\Java\javapath;C:\Program Files (x86)\Common Files\Oracle\Java\javapath;C:\Program Files (x86)\Intel\iCLS Client\;C:\Program Files\Intel\iCLS Client\;C:\WINDOWS\system32;C:\WINDOWS;C:\WINDOWS\System32\Wbem;C:\WINDOWS\System32\WindowsPowerShell\v1.0\;C:\Program Files\Intel\WiFi\bin\;C:\Program Files\Common Files\Intel\WirelessCommon\;C:\Program Files (x86)\Intel\Intel(R) Management Engine Components\DAL;C:\Program Files\Intel\Intel(R) Management Engine Components\DAL;C:\Program Files (x86)\Intel\Intel(R) Management Engine Components\IPT;C:\Program Files\Intel\Intel(R) Management Engine Components\IPT;c:\OpenJDK-11\bin;C:\Program Files (x86)\Common Files\Isabel\;C:\Program Files\Common Files\Isabel\;C:\WINDOWS\System32\OpenSSH\;C:\Program Files\nodejs\;C:\Program Files\Git\cmd;E:\apache-maven-3.9.2-bin\apache-maven-3.9.2\bin;C:\Program Files\MySQL\MySQL Shell 8.0\bin\;C:\Python27\;C:\Program Files\Common Files\Oracle\Java\javapath;C:\Program Files (x86)\Common Files\Oracle\Java\javapath;C:\Program Files (x86)\Intel\iCLS Client\;C:\Program Files\Intel\iCLS Client\;C:\WINDOWS\system32;C:\WINDOWS;C:\WINDOWS\System32\Wbem;C:\WINDOWS\System32\WindowsPowerShell\v1.0\;C:\Program Files\Intel\WiFi\bin\;C:\Program Files\Common Files\Intel\WirelessCommon\;C:\Program Files (x86)\Intel\Intel(R) Management Engine Components\DAL;C:\Program Files\Intel\Intel(R) Management Engine Components\DAL;C:\Program Files (x86)\Intel\Intel(R) Management Engine Components\IPT;C:\Program Files\Intel\Intel(R) Management Engine Components\IPT;c:\OpenJDK-11\bin;C:\Program Files (x86)\Common Files\Isabel\;C:\Program Files\Common Files\Isabel\;C:\WINDOWS\System32\OpenSSH\;C:\Program Files\nodejs\;C:\Python 3.8.0\Scripts\;C:\Python 3.8.0\;C:\Users\hassen\AppData\Local\Microsoft\WindowsApps;C:\Program Files\JetBrains\PyCharm Community Edition 2022.2.3\bin;C:\Microso;."/>
    <property name="java.vendor" value="Oracle Corporation"/>
    <property name="java.vm.info" value="mixed mode"/>
    <property name="java.vm.version" value="11+28"/>
    <property name="sun.io.unicode.encoding" value="UnicodeLittle"/>
    <property name="java.class.version" value="55.0"/>
  </properties>
  <testcase name="testList" classname="test.login.ConsulterListTest" time="13.107">
    <system-out><![CDATA[02:05:26.669 [main] DEBUG io.netty.util.internal.logging.InternalLoggerFactory -- Using SLF4J as the default logging framework
02:05:26.691 [main] DEBUG io.netty.util.ResourceLeakDetector -- -Dio.netty.leakDetection.level: simple
02:05:26.691 [main] DEBUG io.netty.util.ResourceLeakDetector -- -Dio.netty.leakDetection.targetRecords: 4
02:05:26.701 [main] DEBUG io.netty.util.ResourceLeakDetectorFactory -- Loaded default ResourceLeakDetector: io.netty.util.ResourceLeakDetector@561868a0
02:05:26.748 [main] DEBUG io.netty.util.internal.PlatformDependent0 -- -Dio.netty.noUnsafe: false
02:05:26.749 [main] DEBUG io.netty.util.internal.PlatformDependent0 -- Java version: 11
02:05:26.752 [main] DEBUG io.netty.util.internal.PlatformDependent0 -- sun.misc.Unsafe.theUnsafe: available
02:05:26.754 [main] DEBUG io.netty.util.internal.PlatformDependent0 -- sun.misc.Unsafe.copyMemory: available
02:05:26.758 [main] DEBUG io.netty.util.internal.PlatformDependent0 -- sun.misc.Unsafe.storeFence: available
02:05:26.761 [main] DEBUG io.netty.util.internal.PlatformDependent0 -- java.nio.Buffer.address: available
02:05:26.762 [main] DEBUG io.netty.util.internal.PlatformDependent0 -- direct buffer constructor: unavailable: Reflective setAccessible(true) disabled
02:05:26.767 [main] DEBUG io.netty.util.internal.PlatformDependent0 -- java.nio.Bits.unaligned: available, true
02:05:26.774 [main] DEBUG io.netty.util.internal.PlatformDependent0 -- jdk.internal.misc.Unsafe.allocateUninitializedArray(int): unavailable: class io.netty.util.internal.PlatformDependent0$7 cannot access class jdk.internal.misc.Unsafe (in module java.base) because module java.base does not export jdk.internal.misc to unnamed module @e8df99a
02:05:26.779 [main] DEBUG io.netty.util.internal.PlatformDependent0 -- java.nio.DirectByteBuffer.<init>(long, int): unavailable
02:05:26.779 [main] DEBUG io.netty.util.internal.PlatformDependent -- sun.misc.Unsafe: available
02:05:26.783 [main] DEBUG io.netty.util.internal.PlatformDependent -- maxDirectMemory: 4263510016 bytes (maybe)
02:05:26.783 [main] DEBUG io.netty.util.internal.PlatformDependent -- -Dio.netty.tmpdir: C:\Users\hassen\AppData\Local\Temp (java.io.tmpdir)
02:05:26.784 [main] DEBUG io.netty.util.internal.PlatformDependent -- -Dio.netty.bitMode: 64 (sun.arch.data.model)
02:05:26.785 [main] DEBUG io.netty.util.internal.PlatformDependent -- Platform: Windows
02:05:26.786 [main] DEBUG io.netty.util.internal.PlatformDependent -- -Dio.netty.maxDirectMemory: -1 bytes
02:05:26.787 [main] DEBUG io.netty.util.internal.PlatformDependent -- -Dio.netty.uninitializedArrayAllocationThreshold: -1
02:05:26.791 [main] DEBUG io.netty.util.internal.CleanerJava9 -- java.nio.ByteBuffer.cleaner(): available
02:05:26.792 [main] DEBUG io.netty.util.internal.PlatformDependent -- -Dio.netty.noPreferDirect: false
02:05:26.827 [main] DEBUG io.netty.util.internal.PlatformDependent -- org.jctools-core.MpscChunkedArrayQueue: available
02:05:26.872 [main] DEBUG io.netty.util.internal.InternalThreadLocalMap -- -Dio.netty.threadLocalMap.stringBuilder.initialSize: 1024
02:05:26.872 [main] DEBUG io.netty.util.internal.InternalThreadLocalMap -- -Dio.netty.threadLocalMap.stringBuilder.maxSize: 4096
02:05:27.624 [main] DEBUG io.netty.handler.ssl.JdkSslContext -- Default protocols (JDK): [TLSv1.3, TLSv1.2, TLSv1.1, TLSv1] 
02:05:27.624 [main] DEBUG io.netty.handler.ssl.JdkSslContext -- Default cipher suites (JDK): [TLS_ECDHE_ECDSA_WITH_AES_256_GCM_SHA384, TLS_ECDHE_ECDSA_WITH_AES_128_GCM_SHA256, TLS_ECDHE_RSA_WITH_AES_128_GCM_SHA256, TLS_ECDHE_RSA_WITH_AES_256_GCM_SHA384, TLS_ECDHE_RSA_WITH_AES_128_CBC_SHA, TLS_ECDHE_RSA_WITH_AES_256_CBC_SHA, TLS_RSA_WITH_AES_128_GCM_SHA256, TLS_RSA_WITH_AES_128_CBC_SHA, TLS_RSA_WITH_AES_256_CBC_SHA, TLS_AES_128_GCM_SHA256, TLS_AES_256_GCM_SHA384]
02:05:27.647 [main] DEBUG io.netty.util.concurrent.GlobalEventExecutor -- -Dio.netty.globalEventExecutor.quietPeriodSeconds: 1
02:05:27.678 [main] DEBUG io.netty.channel.MultithreadEventLoopGroup -- -Dio.netty.eventLoopThreads: 8
02:05:27.694 [main] DEBUG io.netty.channel.nio.NioEventLoop -- -Dio.netty.noKeySetOptimization: false
02:05:27.694 [main] DEBUG io.netty.channel.nio.NioEventLoop -- -Dio.netty.selectorAutoRebuildThreshold: 512
02:05:27.764 [main] DEBUG io.netty.buffer.PooledByteBufAllocator -- -Dio.netty.allocator.numHeapArenas: 8
02:05:27.764 [main] DEBUG io.netty.buffer.PooledByteBufAllocator -- -Dio.netty.allocator.numDirectArenas: 8
02:05:27.764 [main] DEBUG io.netty.buffer.PooledByteBufAllocator -- -Dio.netty.allocator.pageSize: 8192
02:05:27.764 [main] DEBUG io.netty.buffer.PooledByteBufAllocator -- -Dio.netty.allocator.maxOrder: 9
02:05:27.764 [main] DEBUG io.netty.buffer.PooledByteBufAllocator -- -Dio.netty.allocator.chunkSize: 4194304
02:05:27.764 [main] DEBUG io.netty.buffer.PooledByteBufAllocator -- -Dio.netty.allocator.smallCacheSize: 256
02:05:27.764 [main] DEBUG io.netty.buffer.PooledByteBufAllocator -- -Dio.netty.allocator.normalCacheSize: 64
02:05:27.764 [main] DEBUG io.netty.buffer.PooledByteBufAllocator -- -Dio.netty.allocator.maxCachedBufferCapacity: 32768
02:05:27.764 [main] DEBUG io.netty.buffer.PooledByteBufAllocator -- -Dio.netty.allocator.cacheTrimInterval: 8192
02:05:27.765 [main] DEBUG io.netty.buffer.PooledByteBufAllocator -- -Dio.netty.allocator.cacheTrimIntervalMillis: 0
02:05:27.765 [main] DEBUG io.netty.buffer.PooledByteBufAllocator -- -Dio.netty.allocator.useCacheForAllThreads: false
02:05:27.765 [main] DEBUG io.netty.buffer.PooledByteBufAllocator -- -Dio.netty.allocator.maxCachedByteBuffersPerChunk: 1023
02:05:27.786 [main] DEBUG io.netty.buffer.ByteBufUtil -- -Dio.netty.allocator.type: pooled
02:05:27.787 [main] DEBUG io.netty.buffer.ByteBufUtil -- -Dio.netty.threadLocalDirectBufferSize: 0
02:05:27.787 [main] DEBUG io.netty.buffer.ByteBufUtil -- -Dio.netty.maxThreadLocalCharBufferSize: 16384
02:05:28.766 [Forwarding newSession on session null to remote] DEBUG io.netty.channel.DefaultChannelId -- -Dio.netty.processId: 37312 (auto-detected)
02:05:28.770 [Forwarding newSession on session null to remote] DEBUG io.netty.util.NetUtil -- -Djava.net.preferIPv4Stack: false
02:05:28.770 [Forwarding newSession on session null to remote] DEBUG io.netty.util.NetUtil -- -Djava.net.preferIPv6Addresses: false
02:05:29.120 [Forwarding newSession on session null to remote] DEBUG io.netty.util.NetUtilInitializations -- Loopback interface: lo (Software Loopback Interface 1, 127.0.0.1)
02:05:29.121 [Forwarding newSession on session null to remote] DEBUG io.netty.util.NetUtil -- Failed to get SOMAXCONN from sysctl and file \proc\sys\net\core\somaxconn. Default: 200
02:05:29.145 [Forwarding newSession on session null to remote] DEBUG io.netty.channel.DefaultChannelId -- -Dio.netty.machineId: e4:b3:18:ff:fe:86:7a:0e (auto-detected)
02:05:29.232 [AsyncHttpClient-1-2] DEBUG io.netty.buffer.AbstractByteBuf -- -Dio.netty.buffer.checkAccessible: true
02:05:29.233 [AsyncHttpClient-1-2] DEBUG io.netty.buffer.AbstractByteBuf -- -Dio.netty.buffer.checkBounds: true
02:05:29.233 [AsyncHttpClient-1-2] DEBUG io.netty.util.ResourceLeakDetectorFactory -- Loaded default ResourceLeakDetector: io.netty.util.ResourceLeakDetector@4919b421
02:05:29.265 [AsyncHttpClient-1-2] DEBUG org.asynchttpclient.netty.channel.NettyConnectListener -- Using new Channel '[id: 0x4d66b2b8, L:/127.0.0.1:57263 - R:localhost/127.0.0.1:29411]' for 'POST' to '/session'
02:05:29.295 [AsyncHttpClient-1-2] DEBUG io.netty.util.Recycler -- -Dio.netty.recycler.maxCapacityPerThread: 4096
02:05:29.295 [AsyncHttpClient-1-2] DEBUG io.netty.util.Recycler -- -Dio.netty.recycler.ratio: 8
02:05:29.295 [AsyncHttpClient-1-2] DEBUG io.netty.util.Recycler -- -Dio.netty.recycler.chunkSize: 32
02:05:29.295 [AsyncHttpClient-1-2] DEBUG io.netty.util.Recycler -- -Dio.netty.recycler.blocking: false
02:05:29.295 [AsyncHttpClient-1-2] DEBUG io.netty.util.Recycler -- -Dio.netty.recycler.batchFastThreadLocalOnly: true
02:05:35.084 [AsyncHttpClient-1-2] DEBUG io.netty.handler.codec.compression.Brotli -- brotli4j not in the classpath; Brotli support will be unavailable.
02:05:35.084 [AsyncHttpClient-1-2] DEBUG org.asynchttpclient.netty.handler.HttpHandler -- 

Request DefaultHttpRequest(decodeResult: success, version: HTTP/1.1)
POST /session HTTP/1.1
User-Agent: selenium/4.9.1 (java windows)
Content-Length: 219
Content-Type: application/json; charset=utf-8
host: localhost:29411
accept: */*

Response DefaultHttpResponse(decodeResult: success, version: HTTP/1.1)
HTTP/1.1 200 OK
content-type: application/json; charset=utf-8
cache-control: no-cache
content-length: 790
date: Sun, 04 Jun 2023 01:05:28 GMT

02:05:35.102 [AsyncHttpClient-1-2] DEBUG org.asynchttpclient.netty.channel.ChannelManager -- Adding key: http://localhost:29411 for channel [id: 0x4d66b2b8, L:/127.0.0.1:57263 - R:localhost/127.0.0.1:29411]
02:05:35.246 [AsyncHttpClient-1-1] DEBUG org.asynchttpclient.netty.channel.DefaultChannelPool -- Entry count for : http://localhost:29411 : 1
02:05:35.416 [AsyncHttpClient-1-3] DEBUG org.asynchttpclient.netty.channel.NettyConnectListener -- Using new Channel '[id: 0x6fe4f0ea, L:/127.0.0.1:57282 - R:/127.0.0.1:3891]' for 'GET' to '/json/version'
02:05:35.429 [AsyncHttpClient-1-3] DEBUG org.asynchttpclient.netty.handler.HttpHandler -- 

Request DefaultFullHttpRequest(decodeResult: success, version: HTTP/1.1, content: EmptyByteBufBE)
GET /json/version HTTP/1.1
User-Agent: selenium/4.9.1 (java windows)
host: 127.0.0.1:3891
accept: */*

Response DefaultHttpResponse(decodeResult: success, version: HTTP/1.1)
HTTP/1.1 200 OK
content-type: application/json
content-security-policy: frame-ancestors 'none'
connection: close
server: httpd.js
date: Sun, 04 Jun 2023 01:05:35 GMT
content-length: 310

02:05:35.430 [AsyncHttpClient-1-3] DEBUG org.asynchttpclient.netty.channel.ChannelManager -- Closing Channel [id: 0x6fe4f0ea, L:/127.0.0.1:57282 - R:/127.0.0.1:3891] 
02:05:35.433 [AsyncHttpClient-1-3] DEBUG org.asynchttpclient.netty.handler.HttpHandler -- Channel Closed: [id: 0x6fe4f0ea, L:/127.0.0.1:57282 ! R:/127.0.0.1:3891] with attribute DISCARD
02:05:35.468 [Forwarding get on session a1ecd433-8c0c-43c7-850d-006c5622f942 to remote] DEBUG org.asynchttpclient.netty.request.NettyRequestSender -- Using pooled Channel '[id: 0x4d66b2b8, L:/127.0.0.1:57263 - R:localhost/127.0.0.1:29411]' for 'POST' to 'http://localhost:29411/session/a1ecd433-8c0c-43c7-850d-006c5622f942/url'
02:05:35.468 [Forwarding get on session a1ecd433-8c0c-43c7-850d-006c5622f942 to remote] DEBUG org.asynchttpclient.netty.request.NettyRequestSender -- Using open Channel [id: 0x4d66b2b8, L:/127.0.0.1:57263 - R:localhost/127.0.0.1:29411] for POST '/session/a1ecd433-8c0c-43c7-850d-006c5622f942/url'
02:05:38.652 [AsyncHttpClient-1-2] DEBUG org.asynchttpclient.netty.handler.HttpHandler -- 

Request DefaultHttpRequest(decodeResult: success, version: HTTP/1.1)
POST /session/a1ecd433-8c0c-43c7-850d-006c5622f942/url HTTP/1.1
User-Agent: selenium/4.9.1 (java windows)
Content-Length: 70
Content-Type: application/json; charset=utf-8
host: localhost:29411
accept: */*

Response DefaultHttpResponse(decodeResult: success, version: HTTP/1.1)
HTTP/1.1 200 OK
content-type: application/json; charset=utf-8
cache-control: no-cache
content-length: 14
date: Sun, 04 Jun 2023 01:05:35 GMT

02:05:38.652 [AsyncHttpClient-1-2] DEBUG org.asynchttpclient.netty.channel.ChannelManager -- Adding key: http://localhost:29411 for channel [id: 0x4d66b2b8, L:/127.0.0.1:57263 - R:localhost/127.0.0.1:29411]
02:05:38.796 [Forwarding findElement on session a1ecd433-8c0c-43c7-850d-006c5622f942 to remote] DEBUG org.asynchttpclient.netty.request.NettyRequestSender -- Using pooled Channel '[id: 0x4d66b2b8, L:/127.0.0.1:57263 - R:localhost/127.0.0.1:29411]' for 'POST' to 'http://localhost:29411/session/a1ecd433-8c0c-43c7-850d-006c5622f942/element'
02:05:38.797 [Forwarding findElement on session a1ecd433-8c0c-43c7-850d-006c5622f942 to remote] DEBUG org.asynchttpclient.netty.request.NettyRequestSender -- Using open Channel [id: 0x4d66b2b8, L:/127.0.0.1:57263 - R:localhost/127.0.0.1:29411] for POST '/session/a1ecd433-8c0c-43c7-850d-006c5622f942/element'
02:05:38.820 [AsyncHttpClient-1-2] DEBUG org.asynchttpclient.netty.handler.HttpHandler -- 

Request DefaultHttpRequest(decodeResult: success, version: HTTP/1.1)
POST /session/a1ecd433-8c0c-43c7-850d-006c5622f942/element HTTP/1.1
User-Agent: selenium/4.9.1 (java windows)
Content-Length: 60
Content-Type: application/json; charset=utf-8
host: localhost:29411
accept: */*

Response DefaultHttpResponse(decodeResult: success, version: HTTP/1.1)
HTTP/1.1 404 Not Found
content-type: application/json; charset=utf-8
cache-control: no-cache
content-length: 412
date: Sun, 04 Jun 2023 01:05:38 GMT

02:05:38.821 [AsyncHttpClient-1-2] DEBUG org.asynchttpclient.netty.channel.ChannelManager -- Adding key: http://localhost:29411 for channel [id: 0x4d66b2b8, L:/127.0.0.1:57263 - R:localhost/127.0.0.1:29411]
02:05:38.850 [Forwarding findElement on session a1ecd433-8c0c-43c7-850d-006c5622f942 to remote] DEBUG org.asynchttpclient.netty.request.NettyRequestSender -- Using pooled Channel '[id: 0x4d66b2b8, L:/127.0.0.1:57263 - R:localhost/127.0.0.1:29411]' for 'POST' to 'http://localhost:29411/session/a1ecd433-8c0c-43c7-850d-006c5622f942/element'
02:05:38.850 [Forwarding findElement on session a1ecd433-8c0c-43c7-850d-006c5622f942 to remote] DEBUG org.asynchttpclient.netty.request.NettyRequestSender -- Using open Channel [id: 0x4d66b2b8, L:/127.0.0.1:57263 - R:localhost/127.0.0.1:29411] for POST '/session/a1ecd433-8c0c-43c7-850d-006c5622f942/element'
02:05:38.866 [AsyncHttpClient-1-2] DEBUG org.asynchttpclient.netty.handler.HttpHandler -- 

Request DefaultHttpRequest(decodeResult: success, version: HTTP/1.1)
POST /session/a1ecd433-8c0c-43c7-850d-006c5622f942/element HTTP/1.1
User-Agent: selenium/4.9.1 (java windows)
Content-Length: 127
Content-Type: application/json; charset=utf-8
host: localhost:29411
accept: */*

Response DefaultHttpResponse(decodeResult: success, version: HTTP/1.1)
HTTP/1.1 200 OK
content-type: application/json; charset=utf-8
cache-control: no-cache
content-length: 88
date: Sun, 04 Jun 2023 01:05:38 GMT

02:05:38.867 [AsyncHttpClient-1-2] DEBUG org.asynchttpclient.netty.channel.ChannelManager -- Adding key: http://localhost:29411 for channel [id: 0x4d66b2b8, L:/127.0.0.1:57263 - R:localhost/127.0.0.1:29411]
02:05:38.908 [Forwarding isElementDisplayed on session a1ecd433-8c0c-43c7-850d-006c5622f942 to remote] DEBUG org.asynchttpclient.netty.request.NettyRequestSender -- Using pooled Channel '[id: 0x4d66b2b8, L:/127.0.0.1:57263 - R:localhost/127.0.0.1:29411]' for 'POST' to 'http://localhost:29411/session/a1ecd433-8c0c-43c7-850d-006c5622f942/execute/sync'
02:05:38.910 [Forwarding isElementDisplayed on session a1ecd433-8c0c-43c7-850d-006c5622f942 to remote] DEBUG org.asynchttpclient.netty.request.NettyRequestSender -- Using open Channel [id: 0x4d66b2b8, L:/127.0.0.1:57263 - R:localhost/127.0.0.1:29411] for POST '/session/a1ecd433-8c0c-43c7-850d-006c5622f942/execute/sync'
02:05:38.936 [AsyncHttpClient-1-2] DEBUG org.asynchttpclient.netty.handler.HttpHandler -- 

Request DefaultHttpRequest(decodeResult: success, version: HTTP/1.1)
POST /session/a1ecd433-8c0c-43c7-850d-006c5622f942/execute/sync HTTP/1.1
User-Agent: selenium/4.9.1 (java windows)
Content-Length: 48807
Content-Type: application/json; charset=utf-8
host: localhost:29411
accept: */*

Response DefaultHttpResponse(decodeResult: success, version: HTTP/1.1)
HTTP/1.1 200 OK
content-type: application/json; charset=utf-8
cache-control: no-cache
content-length: 14
date: Sun, 04 Jun 2023 01:05:38 GMT

02:05:38.936 [AsyncHttpClient-1-2] DEBUG org.asynchttpclient.netty.channel.ChannelManager -- Adding key: http://localhost:29411 for channel [id: 0x4d66b2b8, L:/127.0.0.1:57263 - R:localhost/127.0.0.1:29411]
02:05:38.941 [Forwarding findElement on session a1ecd433-8c0c-43c7-850d-006c5622f942 to remote] DEBUG org.asynchttpclient.netty.request.NettyRequestSender -- Using pooled Channel '[id: 0x4d66b2b8, L:/127.0.0.1:57263 - R:localhost/127.0.0.1:29411]' for 'POST' to 'http://localhost:29411/session/a1ecd433-8c0c-43c7-850d-006c5622f942/element'
02:05:38.941 [Forwarding findElement on session a1ecd433-8c0c-43c7-850d-006c5622f942 to remote] DEBUG org.asynchttpclient.netty.request.NettyRequestSender -- Using open Channel [id: 0x4d66b2b8, L:/127.0.0.1:57263 - R:localhost/127.0.0.1:29411] for POST '/session/a1ecd433-8c0c-43c7-850d-006c5622f942/element'
02:05:38.947 [AsyncHttpClient-1-2] DEBUG org.asynchttpclient.netty.handler.HttpHandler -- 

Request DefaultHttpRequest(decodeResult: success, version: HTTP/1.1)
POST /session/a1ecd433-8c0c-43c7-850d-006c5622f942/element HTTP/1.1
User-Agent: selenium/4.9.1 (java windows)
Content-Length: 127
Content-Type: application/json; charset=utf-8
host: localhost:29411
accept: */*

Response DefaultHttpResponse(decodeResult: success, version: HTTP/1.1)
HTTP/1.1 200 OK
content-type: application/json; charset=utf-8
cache-control: no-cache
content-length: 88
date: Sun, 04 Jun 2023 01:05:38 GMT

02:05:38.948 [AsyncHttpClient-1-2] DEBUG org.asynchttpclient.netty.channel.ChannelManager -- Adding key: http://localhost:29411 for channel [id: 0x4d66b2b8, L:/127.0.0.1:57263 - R:localhost/127.0.0.1:29411]
02:05:38.967 [Forwarding isElementDisplayed on session a1ecd433-8c0c-43c7-850d-006c5622f942 to remote] DEBUG org.asynchttpclient.netty.request.NettyRequestSender -- Using pooled Channel '[id: 0x4d66b2b8, L:/127.0.0.1:57263 - R:localhost/127.0.0.1:29411]' for 'POST' to 'http://localhost:29411/session/a1ecd433-8c0c-43c7-850d-006c5622f942/execute/sync'
02:05:38.967 [Forwarding isElementDisplayed on session a1ecd433-8c0c-43c7-850d-006c5622f942 to remote] DEBUG org.asynchttpclient.netty.request.NettyRequestSender -- Using open Channel [id: 0x4d66b2b8, L:/127.0.0.1:57263 - R:localhost/127.0.0.1:29411] for POST '/session/a1ecd433-8c0c-43c7-850d-006c5622f942/execute/sync'
02:05:38.988 [AsyncHttpClient-1-2] DEBUG org.asynchttpclient.netty.handler.HttpHandler -- 

Request DefaultHttpRequest(decodeResult: success, version: HTTP/1.1)
POST /session/a1ecd433-8c0c-43c7-850d-006c5622f942/execute/sync HTTP/1.1
User-Agent: selenium/4.9.1 (java windows)
Content-Length: 48807
Content-Type: application/json; charset=utf-8
host: localhost:29411
accept: */*

Response DefaultHttpResponse(decodeResult: success, version: HTTP/1.1)
HTTP/1.1 200 OK
content-type: application/json; charset=utf-8
cache-control: no-cache
content-length: 14
date: Sun, 04 Jun 2023 01:05:38 GMT

02:05:38.988 [AsyncHttpClient-1-2] DEBUG org.asynchttpclient.netty.channel.ChannelManager -- Adding key: http://localhost:29411 for channel [id: 0x4d66b2b8, L:/127.0.0.1:57263 - R:localhost/127.0.0.1:29411]
02:05:38.995 [Forwarding isElementEnabled on session a1ecd433-8c0c-43c7-850d-006c5622f942 to remote] DEBUG org.asynchttpclient.netty.request.NettyRequestSender -- Using pooled Channel '[id: 0x4d66b2b8, L:/127.0.0.1:57263 - R:localhost/127.0.0.1:29411]' for 'GET' to 'http://localhost:29411/session/a1ecd433-8c0c-43c7-850d-006c5622f942/element/cb7c8d00-6b01-42c4-a3ab-d2c4b1b32788/enabled'
02:05:38.996 [Forwarding isElementEnabled on session a1ecd433-8c0c-43c7-850d-006c5622f942 to remote] DEBUG org.asynchttpclient.netty.request.NettyRequestSender -- Using open Channel [id: 0x4d66b2b8, L:/127.0.0.1:57263 - R:localhost/127.0.0.1:29411] for GET '/session/a1ecd433-8c0c-43c7-850d-006c5622f942/element/cb7c8d00-6b01-42c4-a3ab-d2c4b1b32788/enabled'
02:05:39.034 [AsyncHttpClient-1-2] DEBUG org.asynchttpclient.netty.handler.HttpHandler -- 

Request DefaultFullHttpRequest(decodeResult: success, version: HTTP/1.1, content: EmptyByteBufBE)
GET /session/a1ecd433-8c0c-43c7-850d-006c5622f942/element/cb7c8d00-6b01-42c4-a3ab-d2c4b1b32788/enabled HTTP/1.1
User-Agent: selenium/4.9.1 (java windows)
Cache-Control: no-cache
Content-Type: application/json; charset=utf-8
host: localhost:29411
accept: */*

Response DefaultHttpResponse(decodeResult: success, version: HTTP/1.1)
HTTP/1.1 200 OK
content-type: application/json; charset=utf-8
cache-control: no-cache
content-length: 14
date: Sun, 04 Jun 2023 01:05:38 GMT

02:05:39.035 [AsyncHttpClient-1-2] DEBUG org.asynchttpclient.netty.channel.ChannelManager -- Adding key: http://localhost:29411 for channel [id: 0x4d66b2b8, L:/127.0.0.1:57263 - R:localhost/127.0.0.1:29411]
02:05:39.042 [Forwarding clickElement on session a1ecd433-8c0c-43c7-850d-006c5622f942 to remote] DEBUG org.asynchttpclient.netty.request.NettyRequestSender -- Using pooled Channel '[id: 0x4d66b2b8, L:/127.0.0.1:57263 - R:localhost/127.0.0.1:29411]' for 'POST' to 'http://localhost:29411/session/a1ecd433-8c0c-43c7-850d-006c5622f942/element/cb7c8d00-6b01-42c4-a3ab-d2c4b1b32788/click'
02:05:39.043 [Forwarding clickElement on session a1ecd433-8c0c-43c7-850d-006c5622f942 to remote] DEBUG org.asynchttpclient.netty.request.NettyRequestSender -- Using open Channel [id: 0x4d66b2b8, L:/127.0.0.1:57263 - R:localhost/127.0.0.1:29411] for POST '/session/a1ecd433-8c0c-43c7-850d-006c5622f942/element/cb7c8d00-6b01-42c4-a3ab-d2c4b1b32788/click'
02:05:39.907 [AsyncHttpClient-1-2] DEBUG org.asynchttpclient.netty.handler.HttpHandler -- 

Request DefaultHttpRequest(decodeResult: success, version: HTTP/1.1)
POST /session/a1ecd433-8c0c-43c7-850d-006c5622f942/element/cb7c8d00-6b01-42c4-a3ab-d2c4b1b32788/click HTTP/1.1
User-Agent: selenium/4.9.1 (java windows)
Content-Length: 50
Content-Type: application/json; charset=utf-8
host: localhost:29411
accept: */*

Response DefaultHttpResponse(decodeResult: success, version: HTTP/1.1)
HTTP/1.1 200 OK
content-type: application/json; charset=utf-8
cache-control: no-cache
content-length: 14
date: Sun, 04 Jun 2023 01:05:38 GMT

02:05:39.908 [AsyncHttpClient-1-2] DEBUG org.asynchttpclient.netty.channel.ChannelManager -- Adding key: http://localhost:29411 for channel [id: 0x4d66b2b8, L:/127.0.0.1:57263 - R:localhost/127.0.0.1:29411]
02:05:39.913 [Forwarding findElement on session a1ecd433-8c0c-43c7-850d-006c5622f942 to remote] DEBUG org.asynchttpclient.netty.request.NettyRequestSender -- Using pooled Channel '[id: 0x4d66b2b8, L:/127.0.0.1:57263 - R:localhost/127.0.0.1:29411]' for 'POST' to 'http://localhost:29411/session/a1ecd433-8c0c-43c7-850d-006c5622f942/element'
02:05:39.913 [Forwarding findElement on session a1ecd433-8c0c-43c7-850d-006c5622f942 to remote] DEBUG org.asynchttpclient.netty.request.NettyRequestSender -- Using open Channel [id: 0x4d66b2b8, L:/127.0.0.1:57263 - R:localhost/127.0.0.1:29411] for POST '/session/a1ecd433-8c0c-43c7-850d-006c5622f942/element'
02:05:39.918 [AsyncHttpClient-1-2] DEBUG org.asynchttpclient.netty.handler.HttpHandler -- 

Request DefaultHttpRequest(decodeResult: success, version: HTTP/1.1)
POST /session/a1ecd433-8c0c-43c7-850d-006c5622f942/element HTTP/1.1
User-Agent: selenium/4.9.1 (java windows)
Content-Length: 55
Content-Type: application/json; charset=utf-8
host: localhost:29411
accept: */*

Response DefaultHttpResponse(decodeResult: success, version: HTTP/1.1)
HTTP/1.1 200 OK
content-type: application/json; charset=utf-8
cache-control: no-cache
content-length: 88
date: Sun, 04 Jun 2023 01:05:39 GMT

02:05:39.919 [AsyncHttpClient-1-2] DEBUG org.asynchttpclient.netty.channel.ChannelManager -- Adding key: http://localhost:29411 for channel [id: 0x4d66b2b8, L:/127.0.0.1:57263 - R:localhost/127.0.0.1:29411]
02:05:39.931 [Forwarding sendKeysToElement on session a1ecd433-8c0c-43c7-850d-006c5622f942 to remote] DEBUG org.asynchttpclient.netty.request.NettyRequestSender -- Using pooled Channel '[id: 0x4d66b2b8, L:/127.0.0.1:57263 - R:localhost/127.0.0.1:29411]' for 'POST' to 'http://localhost:29411/session/a1ecd433-8c0c-43c7-850d-006c5622f942/element/f41b2bb9-0cfc-4307-9bc6-d96c4ebe4022/value'
02:05:39.931 [Forwarding sendKeysToElement on session a1ecd433-8c0c-43c7-850d-006c5622f942 to remote] DEBUG org.asynchttpclient.netty.request.NettyRequestSender -- Using open Channel [id: 0x4d66b2b8, L:/127.0.0.1:57263 - R:localhost/127.0.0.1:29411] for POST '/session/a1ecd433-8c0c-43c7-850d-006c5622f942/element/f41b2bb9-0cfc-4307-9bc6-d96c4ebe4022/value'
02:05:40.007 [AsyncHttpClient-1-2] DEBUG org.asynchttpclient.netty.handler.HttpHandler -- 

Request DefaultHttpRequest(decodeResult: success, version: HTTP/1.1)
POST /session/a1ecd433-8c0c-43c7-850d-006c5622f942/element/f41b2bb9-0cfc-4307-9bc6-d96c4ebe4022/value HTTP/1.1
User-Agent: selenium/4.9.1 (java windows)
Content-Length: 311
Content-Type: application/json; charset=utf-8
host: localhost:29411
accept: */*

Response DefaultHttpResponse(decodeResult: success, version: HTTP/1.1)
HTTP/1.1 200 OK
content-type: application/json; charset=utf-8
cache-control: no-cache
content-length: 14
date: Sun, 04 Jun 2023 01:05:39 GMT

02:05:40.008 [AsyncHttpClient-1-2] DEBUG org.asynchttpclient.netty.channel.ChannelManager -- Adding key: http://localhost:29411 for channel [id: 0x4d66b2b8, L:/127.0.0.1:57263 - R:localhost/127.0.0.1:29411]
02:05:40.014 [Forwarding findElement on session a1ecd433-8c0c-43c7-850d-006c5622f942 to remote] DEBUG org.asynchttpclient.netty.request.NettyRequestSender -- Using pooled Channel '[id: 0x4d66b2b8, L:/127.0.0.1:57263 - R:localhost/127.0.0.1:29411]' for 'POST' to 'http://localhost:29411/session/a1ecd433-8c0c-43c7-850d-006c5622f942/element'
02:05:40.014 [Forwarding findElement on session a1ecd433-8c0c-43c7-850d-006c5622f942 to remote] DEBUG org.asynchttpclient.netty.request.NettyRequestSender -- Using open Channel [id: 0x4d66b2b8, L:/127.0.0.1:57263 - R:localhost/127.0.0.1:29411] for POST '/session/a1ecd433-8c0c-43c7-850d-006c5622f942/element'
02:05:40.018 [AsyncHttpClient-1-2] DEBUG org.asynchttpclient.netty.handler.HttpHandler -- 

Request DefaultHttpRequest(decodeResult: success, version: HTTP/1.1)
POST /session/a1ecd433-8c0c-43c7-850d-006c5622f942/element HTTP/1.1
User-Agent: selenium/4.9.1 (java windows)
Content-Length: 58
Content-Type: application/json; charset=utf-8
host: localhost:29411
accept: */*

Response DefaultHttpResponse(decodeResult: success, version: HTTP/1.1)
HTTP/1.1 200 OK
content-type: application/json; charset=utf-8
cache-control: no-cache
content-length: 88
date: Sun, 04 Jun 2023 01:05:39 GMT

02:05:40.019 [AsyncHttpClient-1-2] DEBUG org.asynchttpclient.netty.channel.ChannelManager -- Adding key: http://localhost:29411 for channel [id: 0x4d66b2b8, L:/127.0.0.1:57263 - R:localhost/127.0.0.1:29411]
02:05:40.026 [Forwarding sendKeysToElement on session a1ecd433-8c0c-43c7-850d-006c5622f942 to remote] DEBUG org.asynchttpclient.netty.request.NettyRequestSender -- Using pooled Channel '[id: 0x4d66b2b8, L:/127.0.0.1:57263 - R:localhost/127.0.0.1:29411]' for 'POST' to 'http://localhost:29411/session/a1ecd433-8c0c-43c7-850d-006c5622f942/element/6527ac3f-d1ef-458f-966e-20482b94a464/value'
02:05:40.026 [Forwarding sendKeysToElement on session a1ecd433-8c0c-43c7-850d-006c5622f942 to remote] DEBUG org.asynchttpclient.netty.request.NettyRequestSender -- Using open Channel [id: 0x4d66b2b8, L:/127.0.0.1:57263 - R:localhost/127.0.0.1:29411] for POST '/session/a1ecd433-8c0c-43c7-850d-006c5622f942/element/6527ac3f-d1ef-458f-966e-20482b94a464/value'
02:05:40.138 [AsyncHttpClient-1-2] DEBUG org.asynchttpclient.netty.handler.HttpHandler -- 

Request DefaultHttpRequest(decodeResult: success, version: HTTP/1.1)
POST /session/a1ecd433-8c0c-43c7-850d-006c5622f942/element/6527ac3f-d1ef-458f-966e-20482b94a464/value HTTP/1.1
User-Agent: selenium/4.9.1 (java windows)
Content-Length: 161
Content-Type: application/json; charset=utf-8
host: localhost:29411
accept: */*

Response DefaultHttpResponse(decodeResult: success, version: HTTP/1.1)
HTTP/1.1 200 OK
content-type: application/json; charset=utf-8
cache-control: no-cache
content-length: 14
date: Sun, 04 Jun 2023 01:05:39 GMT

02:05:40.138 [AsyncHttpClient-1-2] DEBUG org.asynchttpclient.netty.channel.ChannelManager -- Adding key: http://localhost:29411 for channel [id: 0x4d66b2b8, L:/127.0.0.1:57263 - R:localhost/127.0.0.1:29411]
02:05:40.148 [Forwarding findElement on session a1ecd433-8c0c-43c7-850d-006c5622f942 to remote] DEBUG org.asynchttpclient.netty.request.NettyRequestSender -- Using pooled Channel '[id: 0x4d66b2b8, L:/127.0.0.1:57263 - R:localhost/127.0.0.1:29411]' for 'POST' to 'http://localhost:29411/session/a1ecd433-8c0c-43c7-850d-006c5622f942/element'
02:05:40.148 [Forwarding findElement on session a1ecd433-8c0c-43c7-850d-006c5622f942 to remote] DEBUG org.asynchttpclient.netty.request.NettyRequestSender -- Using open Channel [id: 0x4d66b2b8, L:/127.0.0.1:57263 - R:localhost/127.0.0.1:29411] for POST '/session/a1ecd433-8c0c-43c7-850d-006c5622f942/element'
02:05:40.154 [AsyncHttpClient-1-2] DEBUG org.asynchttpclient.netty.handler.HttpHandler -- 

Request DefaultHttpRequest(decodeResult: success, version: HTTP/1.1)
POST /session/a1ecd433-8c0c-43c7-850d-006c5622f942/element HTTP/1.1
User-Agent: selenium/4.9.1 (java windows)
Content-Length: 55
Content-Type: application/json; charset=utf-8
host: localhost:29411
accept: */*

Response DefaultHttpResponse(decodeResult: success, version: HTTP/1.1)
HTTP/1.1 200 OK
content-type: application/json; charset=utf-8
cache-control: no-cache
content-length: 88
date: Sun, 04 Jun 2023 01:05:39 GMT

02:05:40.154 [AsyncHttpClient-1-2] DEBUG org.asynchttpclient.netty.channel.ChannelManager -- Adding key: http://localhost:29411 for channel [id: 0x4d66b2b8, L:/127.0.0.1:57263 - R:localhost/127.0.0.1:29411]
02:05:40.163 [Forwarding clickElement on session a1ecd433-8c0c-43c7-850d-006c5622f942 to remote] DEBUG org.asynchttpclient.netty.request.NettyRequestSender -- Using pooled Channel '[id: 0x4d66b2b8, L:/127.0.0.1:57263 - R:localhost/127.0.0.1:29411]' for 'POST' to 'http://localhost:29411/session/a1ecd433-8c0c-43c7-850d-006c5622f942/element/2fa0ca64-44a5-4483-889a-788bcb971ebc/click'
02:05:40.164 [Forwarding clickElement on session a1ecd433-8c0c-43c7-850d-006c5622f942 to remote] DEBUG org.asynchttpclient.netty.request.NettyRequestSender -- Using open Channel [id: 0x4d66b2b8, L:/127.0.0.1:57263 - R:localhost/127.0.0.1:29411] for POST '/session/a1ecd433-8c0c-43c7-850d-006c5622f942/element/2fa0ca64-44a5-4483-889a-788bcb971ebc/click'
02:05:40.494 [AsyncHttpClient-1-2] DEBUG org.asynchttpclient.netty.handler.HttpHandler -- 

Request DefaultHttpRequest(decodeResult: success, version: HTTP/1.1)
POST /session/a1ecd433-8c0c-43c7-850d-006c5622f942/element/2fa0ca64-44a5-4483-889a-788bcb971ebc/click HTTP/1.1
User-Agent: selenium/4.9.1 (java windows)
Content-Length: 50
Content-Type: application/json; charset=utf-8
host: localhost:29411
accept: */*

Response DefaultHttpResponse(decodeResult: success, version: HTTP/1.1)
HTTP/1.1 200 OK
content-type: application/json; charset=utf-8
cache-control: no-cache
content-length: 14
date: Sun, 04 Jun 2023 01:05:39 GMT

02:05:40.495 [AsyncHttpClient-1-2] DEBUG org.asynchttpclient.netty.channel.ChannelManager -- Adding key: http://localhost:29411 for channel [id: 0x4d66b2b8, L:/127.0.0.1:57263 - R:localhost/127.0.0.1:29411]
02:05:40.502 [Forwarding setTimeout on session a1ecd433-8c0c-43c7-850d-006c5622f942 to remote] DEBUG org.asynchttpclient.netty.request.NettyRequestSender -- Using pooled Channel '[id: 0x4d66b2b8, L:/127.0.0.1:57263 - R:localhost/127.0.0.1:29411]' for 'POST' to 'http://localhost:29411/session/a1ecd433-8c0c-43c7-850d-006c5622f942/timeouts'
02:05:40.503 [Forwarding setTimeout on session a1ecd433-8c0c-43c7-850d-006c5622f942 to remote] DEBUG org.asynchttpclient.netty.request.NettyRequestSender -- Using open Channel [id: 0x4d66b2b8, L:/127.0.0.1:57263 - R:localhost/127.0.0.1:29411] for POST '/session/a1ecd433-8c0c-43c7-850d-006c5622f942/timeouts'
02:05:40.513 [AsyncHttpClient-1-2] DEBUG org.asynchttpclient.netty.handler.HttpHandler -- 

Request DefaultHttpRequest(decodeResult: success, version: HTTP/1.1)
POST /session/a1ecd433-8c0c-43c7-850d-006c5622f942/timeouts HTTP/1.1
User-Agent: selenium/4.9.1 (java windows)
Content-Length: 23
Content-Type: application/json; charset=utf-8
host: localhost:29411
accept: */*

Response DefaultHttpResponse(decodeResult: success, version: HTTP/1.1)
HTTP/1.1 200 OK
content-type: application/json; charset=utf-8
cache-control: no-cache
content-length: 14
date: Sun, 04 Jun 2023 01:05:39 GMT

02:05:40.513 [AsyncHttpClient-1-2] DEBUG org.asynchttpclient.netty.channel.ChannelManager -- Adding key: http://localhost:29411 for channel [id: 0x4d66b2b8, L:/127.0.0.1:57263 - R:localhost/127.0.0.1:29411]
02:05:40.517 [Forwarding findElement on session a1ecd433-8c0c-43c7-850d-006c5622f942 to remote] DEBUG org.asynchttpclient.netty.request.NettyRequestSender -- Using pooled Channel '[id: 0x4d66b2b8, L:/127.0.0.1:57263 - R:localhost/127.0.0.1:29411]' for 'POST' to 'http://localhost:29411/session/a1ecd433-8c0c-43c7-850d-006c5622f942/element'
02:05:40.517 [Forwarding findElement on session a1ecd433-8c0c-43c7-850d-006c5622f942 to remote] DEBUG org.asynchttpclient.netty.request.NettyRequestSender -- Using open Channel [id: 0x4d66b2b8, L:/127.0.0.1:57263 - R:localhost/127.0.0.1:29411] for POST '/session/a1ecd433-8c0c-43c7-850d-006c5622f942/element'
02:05:42.011 [AsyncHttpClient-1-2] DEBUG org.asynchttpclient.netty.handler.HttpHandler -- 

Request DefaultHttpRequest(decodeResult: success, version: HTTP/1.1)
POST /session/a1ecd433-8c0c-43c7-850d-006c5622f942/element HTTP/1.1
User-Agent: selenium/4.9.1 (java windows)
Content-Length: 65
Content-Type: application/json; charset=utf-8
host: localhost:29411
accept: */*

Response DefaultHttpResponse(decodeResult: success, version: HTTP/1.1)
HTTP/1.1 200 OK
content-type: application/json; charset=utf-8
cache-control: no-cache
content-length: 88
date: Sun, 04 Jun 2023 01:05:39 GMT

02:05:42.011 [AsyncHttpClient-1-2] DEBUG org.asynchttpclient.netty.channel.ChannelManager -- Adding key: http://localhost:29411 for channel [id: 0x4d66b2b8, L:/127.0.0.1:57263 - R:localhost/127.0.0.1:29411]
02:05:42.024 [Forwarding isElementDisplayed on session a1ecd433-8c0c-43c7-850d-006c5622f942 to remote] DEBUG org.asynchttpclient.netty.request.NettyRequestSender -- Using pooled Channel '[id: 0x4d66b2b8, L:/127.0.0.1:57263 - R:localhost/127.0.0.1:29411]' for 'POST' to 'http://localhost:29411/session/a1ecd433-8c0c-43c7-850d-006c5622f942/execute/sync'
02:05:42.024 [Forwarding isElementDisplayed on session a1ecd433-8c0c-43c7-850d-006c5622f942 to remote] DEBUG org.asynchttpclient.netty.request.NettyRequestSender -- Using open Channel [id: 0x4d66b2b8, L:/127.0.0.1:57263 - R:localhost/127.0.0.1:29411] for POST '/session/a1ecd433-8c0c-43c7-850d-006c5622f942/execute/sync'
02:05:42.061 [AsyncHttpClient-1-2] DEBUG org.asynchttpclient.netty.handler.HttpHandler -- 

Request DefaultHttpRequest(decodeResult: success, version: HTTP/1.1)
POST /session/a1ecd433-8c0c-43c7-850d-006c5622f942/execute/sync HTTP/1.1
User-Agent: selenium/4.9.1 (java windows)
Content-Length: 48807
Content-Type: application/json; charset=utf-8
host: localhost:29411
accept: */*

Response DefaultHttpResponse(decodeResult: success, version: HTTP/1.1)
HTTP/1.1 200 OK
content-type: application/json; charset=utf-8
cache-control: no-cache
content-length: 15
date: Sun, 04 Jun 2023 01:05:42 GMT

02:05:42.061 [AsyncHttpClient-1-2] DEBUG org.asynchttpclient.netty.channel.ChannelManager -- Adding key: http://localhost:29411 for channel [id: 0x4d66b2b8, L:/127.0.0.1:57263 - R:localhost/127.0.0.1:29411]
02:05:42.597 [Forwarding isElementDisplayed on session a1ecd433-8c0c-43c7-850d-006c5622f942 to remote] DEBUG org.asynchttpclient.netty.request.NettyRequestSender -- Using pooled Channel '[id: 0x4d66b2b8, L:/127.0.0.1:57263 - R:localhost/127.0.0.1:29411]' for 'POST' to 'http://localhost:29411/session/a1ecd433-8c0c-43c7-850d-006c5622f942/execute/sync'
02:05:42.598 [Forwarding isElementDisplayed on session a1ecd433-8c0c-43c7-850d-006c5622f942 to remote] DEBUG org.asynchttpclient.netty.request.NettyRequestSender -- Using open Channel [id: 0x4d66b2b8, L:/127.0.0.1:57263 - R:localhost/127.0.0.1:29411] for POST '/session/a1ecd433-8c0c-43c7-850d-006c5622f942/execute/sync'
02:05:42.679 [AsyncHttpClient-1-2] DEBUG org.asynchttpclient.netty.handler.HttpHandler -- 

Request DefaultHttpRequest(decodeResult: success, version: HTTP/1.1)
POST /session/a1ecd433-8c0c-43c7-850d-006c5622f942/execute/sync HTTP/1.1
User-Agent: selenium/4.9.1 (java windows)
Content-Length: 48807
Content-Type: application/json; charset=utf-8
host: localhost:29411
accept: */*

Response DefaultHttpResponse(decodeResult: success, version: HTTP/1.1)
HTTP/1.1 200 OK
content-type: application/json; charset=utf-8
cache-control: no-cache
content-length: 14
date: Sun, 04 Jun 2023 01:05:42 GMT

02:05:42.679 [AsyncHttpClient-1-2] DEBUG org.asynchttpclient.netty.channel.ChannelManager -- Adding key: http://localhost:29411 for channel [id: 0x4d66b2b8, L:/127.0.0.1:57263 - R:localhost/127.0.0.1:29411]
02:05:42.683 [Forwarding isElementEnabled on session a1ecd433-8c0c-43c7-850d-006c5622f942 to remote] DEBUG org.asynchttpclient.netty.request.NettyRequestSender -- Using pooled Channel '[id: 0x4d66b2b8, L:/127.0.0.1:57263 - R:localhost/127.0.0.1:29411]' for 'GET' to 'http://localhost:29411/session/a1ecd433-8c0c-43c7-850d-006c5622f942/element/80b52583-f456-4a33-b279-3033b43fc7c5/enabled'
02:05:42.683 [Forwarding isElementEnabled on session a1ecd433-8c0c-43c7-850d-006c5622f942 to remote] DEBUG org.asynchttpclient.netty.request.NettyRequestSender -- Using open Channel [id: 0x4d66b2b8, L:/127.0.0.1:57263 - R:localhost/127.0.0.1:29411] for GET '/session/a1ecd433-8c0c-43c7-850d-006c5622f942/element/80b52583-f456-4a33-b279-3033b43fc7c5/enabled'
02:05:42.701 [AsyncHttpClient-1-2] DEBUG org.asynchttpclient.netty.handler.HttpHandler -- 

Request DefaultFullHttpRequest(decodeResult: success, version: HTTP/1.1, content: EmptyByteBufBE)
GET /session/a1ecd433-8c0c-43c7-850d-006c5622f942/element/80b52583-f456-4a33-b279-3033b43fc7c5/enabled HTTP/1.1
User-Agent: selenium/4.9.1 (java windows)
Cache-Control: no-cache
Content-Type: application/json; charset=utf-8
host: localhost:29411
accept: */*

Response DefaultHttpResponse(decodeResult: success, version: HTTP/1.1)
HTTP/1.1 200 OK
content-type: application/json; charset=utf-8
cache-control: no-cache
content-length: 14
date: Sun, 04 Jun 2023 01:05:42 GMT

02:05:42.701 [AsyncHttpClient-1-2] DEBUG org.asynchttpclient.netty.channel.ChannelManager -- Adding key: http://localhost:29411 for channel [id: 0x4d66b2b8, L:/127.0.0.1:57263 - R:localhost/127.0.0.1:29411]
02:05:42.704 [Forwarding clickElement on session a1ecd433-8c0c-43c7-850d-006c5622f942 to remote] DEBUG org.asynchttpclient.netty.request.NettyRequestSender -- Using pooled Channel '[id: 0x4d66b2b8, L:/127.0.0.1:57263 - R:localhost/127.0.0.1:29411]' for 'POST' to 'http://localhost:29411/session/a1ecd433-8c0c-43c7-850d-006c5622f942/element/80b52583-f456-4a33-b279-3033b43fc7c5/click'
02:05:42.705 [Forwarding clickElement on session a1ecd433-8c0c-43c7-850d-006c5622f942 to remote] DEBUG org.asynchttpclient.netty.request.NettyRequestSender -- Using open Channel [id: 0x4d66b2b8, L:/127.0.0.1:57263 - R:localhost/127.0.0.1:29411] for POST '/session/a1ecd433-8c0c-43c7-850d-006c5622f942/element/80b52583-f456-4a33-b279-3033b43fc7c5/click'
02:05:43.092 [AsyncHttpClient-1-2] DEBUG org.asynchttpclient.netty.handler.HttpHandler -- 

Request DefaultHttpRequest(decodeResult: success, version: HTTP/1.1)
POST /session/a1ecd433-8c0c-43c7-850d-006c5622f942/element/80b52583-f456-4a33-b279-3033b43fc7c5/click HTTP/1.1
User-Agent: selenium/4.9.1 (java windows)
Content-Length: 50
Content-Type: application/json; charset=utf-8
host: localhost:29411
accept: */*

Response DefaultHttpResponse(decodeResult: success, version: HTTP/1.1)
HTTP/1.1 200 OK
content-type: application/json; charset=utf-8
cache-control: no-cache
content-length: 14
date: Sun, 04 Jun 2023 01:05:42 GMT

02:05:43.093 [AsyncHttpClient-1-2] DEBUG org.asynchttpclient.netty.channel.ChannelManager -- Adding key: http://localhost:29411 for channel [id: 0x4d66b2b8, L:/127.0.0.1:57263 - R:localhost/127.0.0.1:29411]
02:05:43.100 [Forwarding findElement on session a1ecd433-8c0c-43c7-850d-006c5622f942 to remote] DEBUG org.asynchttpclient.netty.request.NettyRequestSender -- Using pooled Channel '[id: 0x4d66b2b8, L:/127.0.0.1:57263 - R:localhost/127.0.0.1:29411]' for 'POST' to 'http://localhost:29411/session/a1ecd433-8c0c-43c7-850d-006c5622f942/element'
02:05:43.101 [Forwarding findElement on session a1ecd433-8c0c-43c7-850d-006c5622f942 to remote] DEBUG org.asynchttpclient.netty.request.NettyRequestSender -- Using open Channel [id: 0x4d66b2b8, L:/127.0.0.1:57263 - R:localhost/127.0.0.1:29411] for POST '/session/a1ecd433-8c0c-43c7-850d-006c5622f942/element'
02:05:43.125 [AsyncHttpClient-1-2] DEBUG org.asynchttpclient.netty.handler.HttpHandler -- 

Request DefaultHttpRequest(decodeResult: success, version: HTTP/1.1)
POST /session/a1ecd433-8c0c-43c7-850d-006c5622f942/element HTTP/1.1
User-Agent: selenium/4.9.1 (java windows)
Content-Length: 67
Content-Type: application/json; charset=utf-8
host: localhost:29411
accept: */*

Response DefaultHttpResponse(decodeResult: success, version: HTTP/1.1)
HTTP/1.1 200 OK
content-type: application/json; charset=utf-8
cache-control: no-cache
content-length: 88
date: Sun, 04 Jun 2023 01:05:43 GMT

02:05:43.126 [AsyncHttpClient-1-2] DEBUG org.asynchttpclient.netty.channel.ChannelManager -- Adding key: http://localhost:29411 for channel [id: 0x4d66b2b8, L:/127.0.0.1:57263 - R:localhost/127.0.0.1:29411]
02:05:43.136 [Forwarding clickElement on session a1ecd433-8c0c-43c7-850d-006c5622f942 to remote] DEBUG org.asynchttpclient.netty.request.NettyRequestSender -- Using pooled Channel '[id: 0x4d66b2b8, L:/127.0.0.1:57263 - R:localhost/127.0.0.1:29411]' for 'POST' to 'http://localhost:29411/session/a1ecd433-8c0c-43c7-850d-006c5622f942/element/bb14c892-1495-4214-b203-ee9cce4d3f59/click'
02:05:43.137 [Forwarding clickElement on session a1ecd433-8c0c-43c7-850d-006c5622f942 to remote] DEBUG org.asynchttpclient.netty.request.NettyRequestSender -- Using open Channel [id: 0x4d66b2b8, L:/127.0.0.1:57263 - R:localhost/127.0.0.1:29411] for POST '/session/a1ecd433-8c0c-43c7-850d-006c5622f942/element/bb14c892-1495-4214-b203-ee9cce4d3f59/click'
02:05:43.476 [AsyncHttpClient-1-2] DEBUG org.asynchttpclient.netty.handler.HttpHandler -- 

Request DefaultHttpRequest(decodeResult: success, version: HTTP/1.1)
POST /session/a1ecd433-8c0c-43c7-850d-006c5622f942/element/bb14c892-1495-4214-b203-ee9cce4d3f59/click HTTP/1.1
User-Agent: selenium/4.9.1 (java windows)
Content-Length: 50
Content-Type: application/json; charset=utf-8
host: localhost:29411
accept: */*

Response DefaultHttpResponse(decodeResult: success, version: HTTP/1.1)
HTTP/1.1 200 OK
content-type: application/json; charset=utf-8
cache-control: no-cache
content-length: 14
date: Sun, 04 Jun 2023 01:05:43 GMT

02:05:43.477 [AsyncHttpClient-1-2] DEBUG org.asynchttpclient.netty.channel.ChannelManager -- Adding key: http://localhost:29411 for channel [id: 0x4d66b2b8, L:/127.0.0.1:57263 - R:localhost/127.0.0.1:29411]
02:05:43.485 [Forwarding findElement on session a1ecd433-8c0c-43c7-850d-006c5622f942 to remote] DEBUG org.asynchttpclient.netty.request.NettyRequestSender -- Using pooled Channel '[id: 0x4d66b2b8, L:/127.0.0.1:57263 - R:localhost/127.0.0.1:29411]' for 'POST' to 'http://localhost:29411/session/a1ecd433-8c0c-43c7-850d-006c5622f942/element'
02:05:43.485 [Forwarding findElement on session a1ecd433-8c0c-43c7-850d-006c5622f942 to remote] DEBUG org.asynchttpclient.netty.request.NettyRequestSender -- Using open Channel [id: 0x4d66b2b8, L:/127.0.0.1:57263 - R:localhost/127.0.0.1:29411] for POST '/session/a1ecd433-8c0c-43c7-850d-006c5622f942/element'
02:05:43.499 [AsyncHttpClient-1-2] DEBUG org.asynchttpclient.netty.handler.HttpHandler -- 

Request DefaultHttpRequest(decodeResult: success, version: HTTP/1.1)
POST /session/a1ecd433-8c0c-43c7-850d-006c5622f942/element HTTP/1.1
User-Agent: selenium/4.9.1 (java windows)
Content-Length: 156
Content-Type: application/json; charset=utf-8
host: localhost:29411
accept: */*

Response DefaultHttpResponse(decodeResult: success, version: HTTP/1.1)
HTTP/1.1 200 OK
content-type: application/json; charset=utf-8
cache-control: no-cache
content-length: 88
date: Sun, 04 Jun 2023 01:05:43 GMT

02:05:43.500 [AsyncHttpClient-1-2] DEBUG org.asynchttpclient.netty.channel.ChannelManager -- Adding key: http://localhost:29411 for channel [id: 0x4d66b2b8, L:/127.0.0.1:57263 - R:localhost/127.0.0.1:29411]
02:05:43.504 [Forwarding clickElement on session a1ecd433-8c0c-43c7-850d-006c5622f942 to remote] DEBUG org.asynchttpclient.netty.request.NettyRequestSender -- Using pooled Channel '[id: 0x4d66b2b8, L:/127.0.0.1:57263 - R:localhost/127.0.0.1:29411]' for 'POST' to 'http://localhost:29411/session/a1ecd433-8c0c-43c7-850d-006c5622f942/element/d9a4e507-06af-43a9-8256-cf0143562055/click'
02:05:43.505 [Forwarding clickElement on session a1ecd433-8c0c-43c7-850d-006c5622f942 to remote] DEBUG org.asynchttpclient.netty.request.NettyRequestSender -- Using open Channel [id: 0x4d66b2b8, L:/127.0.0.1:57263 - R:localhost/127.0.0.1:29411] for POST '/session/a1ecd433-8c0c-43c7-850d-006c5622f942/element/d9a4e507-06af-43a9-8256-cf0143562055/click'
02:05:45.950 [AsyncHttpClient-1-2] DEBUG org.asynchttpclient.netty.handler.HttpHandler -- 

Request DefaultHttpRequest(decodeResult: success, version: HTTP/1.1)
POST /session/a1ecd433-8c0c-43c7-850d-006c5622f942/element/d9a4e507-06af-43a9-8256-cf0143562055/click HTTP/1.1
User-Agent: selenium/4.9.1 (java windows)
Content-Length: 50
Content-Type: application/json; charset=utf-8
host: localhost:29411
accept: */*

Response DefaultHttpResponse(decodeResult: success, version: HTTP/1.1)
HTTP/1.1 200 OK
content-type: application/json; charset=utf-8
cache-control: no-cache
content-length: 14
date: Sun, 04 Jun 2023 01:05:43 GMT

02:05:45.951 [AsyncHttpClient-1-2] DEBUG org.asynchttpclient.netty.channel.ChannelManager -- Adding key: http://localhost:29411 for channel [id: 0x4d66b2b8, L:/127.0.0.1:57263 - R:localhost/127.0.0.1:29411]
02:05:46.247 [AsyncHttpClient-1-1] DEBUG org.asynchttpclient.netty.channel.DefaultChannelPool -- Entry count for : http://localhost:29411 : 1
02:05:47.345 [AsyncHttpClient-1-1] DEBUG org.asynchttpclient.netty.channel.DefaultChannelPool -- Entry count for : http://localhost:29411 : 1
02:05:48.439 [AsyncHttpClient-1-1] DEBUG org.asynchttpclient.netty.channel.DefaultChannelPool -- Entry count for : http://localhost:29411 : 1
02:05:49.547 [AsyncHttpClient-1-1] DEBUG org.asynchttpclient.netty.channel.DefaultChannelPool -- Entry count for : http://localhost:29411 : 1
02:05:50.639 [AsyncHttpClient-1-1] DEBUG org.asynchttpclient.netty.channel.DefaultChannelPool -- Entry count for : http://localhost:29411 : 1
02:05:50.974 [Forwarding findElement on session a1ecd433-8c0c-43c7-850d-006c5622f942 to remote] DEBUG org.asynchttpclient.netty.request.NettyRequestSender -- Using pooled Channel '[id: 0x4d66b2b8, L:/127.0.0.1:57263 - R:localhost/127.0.0.1:29411]' for 'POST' to 'http://localhost:29411/session/a1ecd433-8c0c-43c7-850d-006c5622f942/element'
02:05:50.976 [Forwarding findElement on session a1ecd433-8c0c-43c7-850d-006c5622f942 to remote] DEBUG org.asynchttpclient.netty.request.NettyRequestSender -- Using open Channel [id: 0x4d66b2b8, L:/127.0.0.1:57263 - R:localhost/127.0.0.1:29411] for POST '/session/a1ecd433-8c0c-43c7-850d-006c5622f942/element'
02:05:51.001 [AsyncHttpClient-1-2] DEBUG org.asynchttpclient.netty.handler.HttpHandler -- 

Request DefaultHttpRequest(decodeResult: success, version: HTTP/1.1)
POST /session/a1ecd433-8c0c-43c7-850d-006c5622f942/element HTTP/1.1
User-Agent: selenium/4.9.1 (java windows)
Content-Length: 56
Content-Type: application/json; charset=utf-8
host: localhost:29411
accept: */*

Response DefaultHttpResponse(decodeResult: success, version: HTTP/1.1)
HTTP/1.1 200 OK
content-type: application/json; charset=utf-8
cache-control: no-cache
content-length: 88
date: Sun, 04 Jun 2023 01:05:50 GMT

02:05:51.003 [AsyncHttpClient-1-2] DEBUG org.asynchttpclient.netty.channel.ChannelManager -- Adding key: http://localhost:29411 for channel [id: 0x4d66b2b8, L:/127.0.0.1:57263 - R:localhost/127.0.0.1:29411]
02:05:51.016 [Forwarding clickElement on session a1ecd433-8c0c-43c7-850d-006c5622f942 to remote] DEBUG org.asynchttpclient.netty.request.NettyRequestSender -- Using pooled Channel '[id: 0x4d66b2b8, L:/127.0.0.1:57263 - R:localhost/127.0.0.1:29411]' for 'POST' to 'http://localhost:29411/session/a1ecd433-8c0c-43c7-850d-006c5622f942/element/e3696122-37be-4dcd-8627-e622333c9971/click'
02:05:51.017 [Forwarding clickElement on session a1ecd433-8c0c-43c7-850d-006c5622f942 to remote] DEBUG org.asynchttpclient.netty.request.NettyRequestSender -- Using open Channel [id: 0x4d66b2b8, L:/127.0.0.1:57263 - R:localhost/127.0.0.1:29411] for POST '/session/a1ecd433-8c0c-43c7-850d-006c5622f942/element/e3696122-37be-4dcd-8627-e622333c9971/click'
02:05:51.319 [AsyncHttpClient-1-2] DEBUG org.asynchttpclient.netty.handler.HttpHandler -- 

Request DefaultHttpRequest(decodeResult: success, version: HTTP/1.1)
POST /session/a1ecd433-8c0c-43c7-850d-006c5622f942/element/e3696122-37be-4dcd-8627-e622333c9971/click HTTP/1.1
User-Agent: selenium/4.9.1 (java windows)
Content-Length: 50
Content-Type: application/json; charset=utf-8
host: localhost:29411
accept: */*

Response DefaultHttpResponse(decodeResult: success, version: HTTP/1.1)
HTTP/1.1 200 OK
content-type: application/json; charset=utf-8
cache-control: no-cache
content-length: 14
date: Sun, 04 Jun 2023 01:05:50 GMT

02:05:51.320 [AsyncHttpClient-1-2] DEBUG org.asynchttpclient.netty.channel.ChannelManager -- Adding key: http://localhost:29411 for channel [id: 0x4d66b2b8, L:/127.0.0.1:57263 - R:localhost/127.0.0.1:29411]
02:05:51.323 [Forwarding findElement on session a1ecd433-8c0c-43c7-850d-006c5622f942 to remote] DEBUG org.asynchttpclient.netty.request.NettyRequestSender -- Using pooled Channel '[id: 0x4d66b2b8, L:/127.0.0.1:57263 - R:localhost/127.0.0.1:29411]' for 'POST' to 'http://localhost:29411/session/a1ecd433-8c0c-43c7-850d-006c5622f942/element'
02:05:51.324 [Forwarding findElement on session a1ecd433-8c0c-43c7-850d-006c5622f942 to remote] DEBUG org.asynchttpclient.netty.request.NettyRequestSender -- Using open Channel [id: 0x4d66b2b8, L:/127.0.0.1:57263 - R:localhost/127.0.0.1:29411] for POST '/session/a1ecd433-8c0c-43c7-850d-006c5622f942/element'
02:05:51.331 [AsyncHttpClient-1-2] DEBUG org.asynchttpclient.netty.handler.HttpHandler -- 

Request DefaultHttpRequest(decodeResult: success, version: HTTP/1.1)
POST /session/a1ecd433-8c0c-43c7-850d-006c5622f942/element HTTP/1.1
User-Agent: selenium/4.9.1 (java windows)
Content-Length: 67
Content-Type: application/json; charset=utf-8
host: localhost:29411
accept: */*

Response DefaultHttpResponse(decodeResult: success, version: HTTP/1.1)
HTTP/1.1 200 OK
content-type: application/json; charset=utf-8
cache-control: no-cache
content-length: 88
date: Sun, 04 Jun 2023 01:05:50 GMT

02:05:51.332 [AsyncHttpClient-1-2] DEBUG org.asynchttpclient.netty.channel.ChannelManager -- Adding key: http://localhost:29411 for channel [id: 0x4d66b2b8, L:/127.0.0.1:57263 - R:localhost/127.0.0.1:29411]
02:05:51.334 [Forwarding clickElement on session a1ecd433-8c0c-43c7-850d-006c5622f942 to remote] DEBUG org.asynchttpclient.netty.request.NettyRequestSender -- Using pooled Channel '[id: 0x4d66b2b8, L:/127.0.0.1:57263 - R:localhost/127.0.0.1:29411]' for 'POST' to 'http://localhost:29411/session/a1ecd433-8c0c-43c7-850d-006c5622f942/element/392b3ba4-4669-4f1a-8b51-2b71322e3cf2/click'
02:05:51.335 [Forwarding clickElement on session a1ecd433-8c0c-43c7-850d-006c5622f942 to remote] DEBUG org.asynchttpclient.netty.request.NettyRequestSender -- Using open Channel [id: 0x4d66b2b8, L:/127.0.0.1:57263 - R:localhost/127.0.0.1:29411] for POST '/session/a1ecd433-8c0c-43c7-850d-006c5622f942/element/392b3ba4-4669-4f1a-8b51-2b71322e3cf2/click'
02:05:51.636 [AsyncHttpClient-1-2] DEBUG org.asynchttpclient.netty.handler.HttpHandler -- 

Request DefaultHttpRequest(decodeResult: success, version: HTTP/1.1)
POST /session/a1ecd433-8c0c-43c7-850d-006c5622f942/element/392b3ba4-4669-4f1a-8b51-2b71322e3cf2/click HTTP/1.1
User-Agent: selenium/4.9.1 (java windows)
Content-Length: 50
Content-Type: application/json; charset=utf-8
host: localhost:29411
accept: */*

Response DefaultHttpResponse(decodeResult: success, version: HTTP/1.1)
HTTP/1.1 200 OK
content-type: application/json; charset=utf-8
cache-control: no-cache
content-length: 14
date: Sun, 04 Jun 2023 01:05:50 GMT

02:05:51.638 [AsyncHttpClient-1-2] DEBUG org.asynchttpclient.netty.channel.ChannelManager -- Adding key: http://localhost:29411 for channel [id: 0x4d66b2b8, L:/127.0.0.1:57263 - R:localhost/127.0.0.1:29411]
02:05:51.765 [AsyncHttpClient-1-1] DEBUG org.asynchttpclient.netty.channel.DefaultChannelPool -- Entry count for : http://localhost:29411 : 1
]]></system-out>
    <system-err><![CDATA[1685840727963	geckodriver	INFO	Listening on 127.0.0.1:29411
1685840729330	mozrunner::runner	INFO	Running command: "C:\\Program Files\\Mozilla Firefox\\firefox.exe" "--marionette" "--remote-debugging-port" "3891" "--remote- ... /localhost:3891/,http://[::1]:3891/" "-no-remote" "-profile" "C:\\Users\\hassen\\AppData\\Local\\Temp\\rust_mozprofileuMEJdz"
console.warn: services.settings: Ignoring preference override of remote settings server
console.warn: services.settings: Allow by setting MOZ_REMOTE_SETTINGS_DEVTOOLS=1 in the environment
1685840729928	Marionette	INFO	Marionette enabled
Dynamically enable window occlusion 0
1685840729942	Marionette	INFO	Listening on port 57266
Read port: 57266
WebDriver BiDi listening on ws://127.0.0.1:3891
1685840730326	RemoteAgent	WARN	TLS certificate errors will be ignored for this session
[ERROR glean_core] Error setting metrics feature config: Json(Error("EOF while parsing a value", line: 1, column: 0))
DevTools listening on ws://127.0.0.1:3891/devtools/browser/6c7b35d4-d35b-4d89-a210-987ca9d643d4
JavaScript error: https://www.tutorialspoint.com/static/js/localization.js?v=3.2, line 78: TypeError: undefined currency in NumberFormat() with currency style
JavaScript warning: https://www.tutorialspoint.com/market/public/assets/js/bs/auth.js?v=1.07, line 441: unreachable code after return statement
JavaScript warning: https://www.tutorialspoint.com/market/public/assets/js/bs/auth.js?v=1.07, line 776: unreachable code after return statement
JavaScript error: https://www.tutorialspoint.com/market/login.asp line 2 > injectedScript, line 23: TypeError: this[0] is undefined
JavaScript error: https://www.tutorialspoint.com/market/login.asp line 2 > injectedScript, line 23: TypeError: this[0] is undefined
JavaScript error: https://www.tutorialspoint.com/market/login.asp line 2 > injectedScript, line 23: TypeError: this[0] is undefined
JavaScript error: https://www.tutorialspoint.com/market/login.asp line 2 > injectedScript, line 23: TypeError: this[0] is undefined
JavaScript error: https://www.tutorialspoint.com/market/login.asp line 2 > injectedScript, line 23: TypeError: this[0] is undefined
JavaScript error: https://www.tutorialspoint.com/market/login.asp line 2 > injectedScript, line 23: TypeError: this[0] is undefined
JavaScript error: https://www.tutorialspoint.com/market/login.asp line 2 > injectedScript, line 23: TypeError: this[0] is undefined
JavaScript error: https://www.tutorialspoint.com/market/login.asp line 2 > injectedScript, line 23: TypeError: this[0] is undefined
console.warn: LoginRecipes: "Falling back to a synchronous message for: https://www.tutorialspoint.com."
console.warn: LoginRecipes: "Falling back to a synchronous message for: https://www.tutorialspoint.com."
[Child 45180, Main Thread] WARNING: JSWindowActorChild::SendRawMessage (MarionetteCommands, MarionetteCommandsParent:findElement) not sent: !CanSend() || !mManager || !mManager->CanSend(): file /builds/worker/checkouts/gecko/dom/ipc/jsactor/JSWindowActorChild.cpp:57
JavaScript error: , line 0: TypeError: NetworkError when attempting to fetch resource.
]]></system-err>
  </testcase>
</testsuite>